#***************************************************************************

#sjplacer

#Version:            1.1

#Build Date:         Oct 23 2014 13:00:08

#File Generated:     Sep 29 2016 00:32:21

#Purpose:            

#Copyright (C) 2010-2011 by Softjin Technologies Pvt Ltd. All rights reserved.

#***************************************************************************

Executing : C:\Program Files (x86)\Cypress\PSoC Creator\3.1\PSoC Creator\bin/sjplacer.exe --proj-name BLE Lab 2-PRoC --netlist-vh2 BLE Lab 2-PRoC_p.vh2 --arch-file C:\Program Files (x86)\Cypress\PSoC Creator\3.1\PSoC Creator\dev/psoc4/3/placer.ark --rrg-file C:\Program Files (x86)\Cypress\PSoC Creator\3.1\PSoC Creator\dev/psoc4/3/route_arch-rrg.cydata --irq-file C:\Program Files (x86)\Cypress\PSoC Creator\3.1\PSoC Creator\dev/psoc4/3/irqconn.cydata --dsi-conn-file C:\Program Files (x86)\Cypress\PSoC Creator\3.1\PSoC Creator\dev/psoc4/3/dsiconn.cydata --pins-file pins_56-QFN.xml --lib-file BLE Lab 2-PRoC_p.lib --sdc-file BLE Lab 2-PRoC.sdc --io-pcf BLE Lab 2-PRoC.pci --outdir .

		Softjin Techologies Placer, Version 1.1

Build Date : Oct 23 2014	13:09:21

D2004: Option and Settings Summary
=============================================================
Netlist vh2 file          - BLE Lab 2-PRoC_p.vh2
Architecture file         - C:\Program Files (x86)\Cypress\PSoC Creator\3.1\PSoC Creator\dev/psoc4/3/placer.ark
Package                   - 
Defparam file             - 
SDC file                  - BLE Lab 2-PRoC.sdc
Output directory          - .
Timing library            - BLE Lab 2-PRoC_p.lib
IO Placement file         - BLE Lab 2-PRoC.pci

D2050: Starting reading inputs for placer
=============================================================
D2065: Reading netlist file : "BLE Lab 2-PRoC_p.vh2"
D2065: Reading arch file : "C:\Program Files (x86)\Cypress\PSoC Creator\3.1\PSoC Creator\dev/psoc4/3/placer.ark"
D2051: Reading of inputs for placer completed successfully

D2053: Starting placement of the design
=============================================================

Phase 2
Phase 3

Design Statistics after Packing
    Number of Combinational MCs 	:	1
    Number of Sequential MCs    	:	9
    Number of DPs               	:	1
    Number of Controls          	:	2
    Number of Status            	:	1
    Number of SyncCells         	:	0
    Number of count7cells       	:	1

Device Utilization Summary after Packing
    Macrocells                  :	10/32
    UDBS                        :	2/4
    IOs                         :	16/38


D2088: Phase 3, elapsed time : 1.1 (sec)

Phase 4
D2088: Phase 4, elapsed time : 0.0 (sec)

Phase 6

######################################################################
Placement Timing Summary

The timing summary is based on estimated routing delays after
placement. For final timing report, please carry out the timing
analysis after routing.
======================================================================

######################################################################
                     Clock Summary 
======================================================================
Number of clocks: 13
Clock: Clock                | Frequency: N/A       | Target:   0.0 MHz
Clock: Clock(FFB)           | Frequency: N/A       | Target:   0.0 MHz
Clock: Clock_4              | Frequency:  68.1 MHz | Target:   0.5 MHz
Clock: CyECO                | Frequency: N/A       | Target:  24.0 MHz
Clock: CyHFCLK              | Frequency: N/A       | Target:  48.0 MHz
Clock: CyILO                | Frequency: N/A       | Target:   0.0 MHz
Clock: CyIMO                | Frequency: N/A       | Target:  48.0 MHz
Clock: CyLFCLK              | Frequency: N/A       | Target:   0.0 MHz
Clock: CyRouted1            | Frequency: N/A       | Target:  48.0 MHz
Clock: CySYSCLK             | Frequency: N/A       | Target:  48.0 MHz
Clock: CyWCO                | Frequency: N/A       | Target:   0.0 MHz
Clock: SCB_1_SCBCLK         | Frequency: N/A       | Target:  16.0 MHz
Clock: SCB_1_SCBCLK(FFB)    | Frequency: N/A       | Target:  16.0 MHz

======================================================================
                     End of Clock Summary
######################################################################

D2088: Phase 6, elapsed time : 2.3 (sec)

Phase 7
######################################################################
                     Clock Summary 
======================================================================
Number of clocks: 13
Clock: Clock                | Frequency: N/A       | Target:   0.0 MHz
Clock: Clock(FFB)           | Frequency: N/A       | Target:   0.0 MHz
Clock: Clock_4              | Frequency:  68.1 MHz | Target:   0.5 MHz
Clock: CyECO                | Frequency: N/A       | Target:  24.0 MHz
Clock: CyHFCLK              | Frequency: N/A       | Target:  48.0 MHz
Clock: CyILO                | Frequency: N/A       | Target:   0.0 MHz
Clock: CyIMO                | Frequency: N/A       | Target:  48.0 MHz
Clock: CyLFCLK              | Frequency: N/A       | Target:   0.0 MHz
Clock: CyRouted1            | Frequency: N/A       | Target:  48.0 MHz
Clock: CySYSCLK             | Frequency: N/A       | Target:  48.0 MHz
Clock: CyWCO                | Frequency: N/A       | Target:   0.0 MHz
Clock: SCB_1_SCBCLK         | Frequency: N/A       | Target:  16.0 MHz
Clock: SCB_1_SCBCLK(FFB)    | Frequency: N/A       | Target:  16.0 MHz

======================================================================
                     End of Clock Summary
######################################################################
D2088: Phase 7, elapsed time : 0.3 (sec)

Final Design Statistics
    Number of Combinational MCs 	:	1
    Number of Sequential MCs    	:	9
    Number of DPs               	:	1
    Number of Controls          	:	2
    Number of Status            	:	1
    Number of SyncCells         	:	0
    Number of count7cells       	:	1
    Number of IOs       	:	16

Device Utilization Summary
    Macrocells                  :	10/32
    IOs                         :	16/38



######################################################################
Placement Timing Summary

The timing summary is based on estimated routing delays after
placement. For final timing report, please carry out the timing
analysis after routing.
======================================================================


######################################################################
                     Clock Summary 
======================================================================
Number of clocks: 13
Clock: Clock                | Frequency: N/A       | Target:   0.0 MHz
Clock: Clock(FFB)           | Frequency: N/A       | Target:   0.0 MHz
Clock: Clock_4              | Frequency:  68.1 MHz | Target:   0.6 MHz
Clock: CyECO                | Frequency: N/A       | Target:  24.0 MHz
Clock: CyHFCLK              | Frequency: N/A       | Target:  48.0 MHz
Clock: CyILO                | Frequency: N/A       | Target:   0.0 MHz
Clock: CyIMO                | Frequency: N/A       | Target:  48.0 MHz
Clock: CyLFCLK              | Frequency: N/A       | Target:   0.0 MHz
Clock: CyRouted1            | Frequency: N/A       | Target:  48.0 MHz
Clock: CySYSCLK             | Frequency: N/A       | Target:  48.0 MHz
Clock: CyWCO                | Frequency: N/A       | Target:   0.0 MHz
Clock: SCB_1_SCBCLK         | Frequency: N/A       | Target:  16.0 MHz
Clock: SCB_1_SCBCLK(FFB)    | Frequency: N/A       | Target:  16.0 MHz

======================================================================
                     End of Clock Summary
######################################################################

Phase 6

######################################################################
Placement Timing Summary

The timing summary is based on estimated routing delays after
placement. For final timing report, please carry out the timing
analysis after routing.
======================================================================

######################################################################
                     Clock Summary 
======================================================================
Number of clocks: 13
Clock: Clock                | Frequency: N/A       | Target:   0.0 MHz
Clock: Clock(FFB)           | Frequency: N/A       | Target:   0.0 MHz
Clock: Clock_4              | Frequency:  68.1 MHz | Target:   0.6 MHz
Clock: CyECO                | Frequency: N/A       | Target:  24.0 MHz
Clock: CyHFCLK              | Frequency: N/A       | Target:  48.0 MHz
Clock: CyILO                | Frequency: N/A       | Target:   0.0 MHz
Clock: CyIMO                | Frequency: N/A       | Target:  48.0 MHz
Clock: CyLFCLK              | Frequency: N/A       | Target:   0.0 MHz
Clock: CyRouted1            | Frequency: N/A       | Target:  48.0 MHz
Clock: CySYSCLK             | Frequency: N/A       | Target:  48.0 MHz
Clock: CyWCO                | Frequency: N/A       | Target:   0.0 MHz
Clock: SCB_1_SCBCLK         | Frequency: N/A       | Target:  16.0 MHz
Clock: SCB_1_SCBCLK(FFB)    | Frequency: N/A       | Target:  16.0 MHz

======================================================================
                     End of Clock Summary
######################################################################

D2088: Phase 6, elapsed time : 0.0 (sec)

Phase 7
######################################################################
                     Clock Summary 
======================================================================
Number of clocks: 13
Clock: Clock                | Frequency: N/A       | Target:   0.0 MHz
Clock: Clock(FFB)           | Frequency: N/A       | Target:   0.0 MHz
Clock: Clock_4              | Frequency:  68.1 MHz | Target:   0.6 MHz
Clock: CyECO                | Frequency: N/A       | Target:  24.0 MHz
Clock: CyHFCLK              | Frequency: N/A       | Target:  48.0 MHz
Clock: CyILO                | Frequency: N/A       | Target:   0.0 MHz
Clock: CyIMO                | Frequency: N/A       | Target:  48.0 MHz
Clock: CyLFCLK              | Frequency: N/A       | Target:   0.0 MHz
Clock: CyRouted1            | Frequency: N/A       | Target:  48.0 MHz
Clock: CySYSCLK             | Frequency: N/A       | Target:  48.0 MHz
Clock: CyWCO                | Frequency: N/A       | Target:   0.0 MHz
Clock: SCB_1_SCBCLK         | Frequency: N/A       | Target:  16.0 MHz
Clock: SCB_1_SCBCLK(FFB)    | Frequency: N/A       | Target:  16.0 MHz

======================================================================
                     End of Clock Summary
######################################################################
D2088: Phase 7, elapsed time : 0.2 (sec)

Final Design Statistics
    Number of Combinational MCs 	:	1
    Number of Sequential MCs    	:	9
    Number of DPs               	:	1
    Number of Controls          	:	2
    Number of Status            	:	1
    Number of SyncCells         	:	0
    Number of count7cells       	:	1
    Number of IOs       	:	16

Device Utilization Summary
    Macrocells                  :	10/32
    IOs                         :	16/38



######################################################################
Placement Timing Summary

The timing summary is based on estimated routing delays after
placement. For final timing report, please carry out the timing
analysis after routing.
======================================================================


######################################################################
                     Clock Summary 
======================================================================
Number of clocks: 13
Clock: Clock                | Frequency: N/A       | Target:   0.0 MHz
Clock: Clock(FFB)           | Frequency: N/A       | Target:   0.0 MHz
Clock: Clock_4              | Frequency:  68.1 MHz | Target:   0.7 MHz
Clock: CyECO                | Frequency: N/A       | Target:  24.0 MHz
Clock: CyHFCLK              | Frequency: N/A       | Target:  48.0 MHz
Clock: CyILO                | Frequency: N/A       | Target:   0.0 MHz
Clock: CyIMO                | Frequency: N/A       | Target:  48.0 MHz
Clock: CyLFCLK              | Frequency: N/A       | Target:   0.0 MHz
Clock: CyRouted1            | Frequency: N/A       | Target:  48.0 MHz
Clock: CySYSCLK             | Frequency: N/A       | Target:  48.0 MHz
Clock: CyWCO                | Frequency: N/A       | Target:   0.0 MHz
Clock: SCB_1_SCBCLK         | Frequency: N/A       | Target:  16.0 MHz
Clock: SCB_1_SCBCLK(FFB)    | Frequency: N/A       | Target:  16.0 MHz

======================================================================
                     End of Clock Summary
######################################################################

Phase 8
D2088: Phase 8, elapsed time : 0.0 (sec)

D2054: Placement of the design completed successfully

I2076: Total run-time: 4.7 sec.

