Loading plugins phase: Elapsed time ==> 0s.629ms
Initializing data phase: Elapsed time ==> 0s.000ms
<CYPRESSTAG name="CyDsfit arguments...">
cydsfit arguments: -.fdsnotice -.fdswarpdepfile=warp_dependencies.txt -.fdselabdepfile=elab_dependencies.txt -.fdsbldfile=generated_files.txt -p C:\Users\Michael\Documents\PSoC Creator\BLE Lab 1\BLE Lab 2-PRoC.cydsn\BLE Lab 2-PRoC.cyprj -d CYBL10563-56LQXI -s C:\Users\Michael\Documents\PSoC Creator\BLE Lab 1\BLE Lab 2-PRoC.cydsn\Generated_Source\PSoC4 -- -yv2 -q10 -ygs -o2 -v3 -.fftcfgtype=LE</CYPRESSTAG>
<CYPRESSTAG name="Design elaboration results...">
</CYPRESSTAG>
Elaboration phase: Elapsed time ==> 14s.523ms
<CYPRESSTAG name="HDL generation results...">
</CYPRESSTAG>
HDL generation phase: Elapsed time ==> 0s.160ms
<CYPRESSTAG name="Synthesis results...">

     | | | | | | |
   _________________
  -|               |-
  -|               |-
  -|               |-
  -|    CYPRESS    |-
  -|               |-
  -|               |-   Warp Verilog Synthesis Compiler: Version 6.3 IR 41
  -|               |-   Copyright (C) 1991-2001 Cypress Semiconductor
   |_______________|
     | | | | | | |

======================================================================
Compiling:  BLE Lab 2-PRoC.v
Program  :   C:\Program Files (x86)\Cypress\PSoC Creator\3.1\PSoC Creator\warp\bin/warp.exe
Options  :    -yv2 -q10 -ygs -o2 -v3 -.fftcfgtype=LE -ya -.fftprj=C:\Users\Michael\Documents\PSoC Creator\BLE Lab 1\BLE Lab 2-PRoC.cydsn\BLE Lab 2-PRoC.cyprj -dcpsoc3 BLE Lab 2-PRoC.v -verilog
======================================================================

======================================================================
Compiling:  BLE Lab 2-PRoC.v
Program  :   C:\Program Files (x86)\Cypress\PSoC Creator\3.1\PSoC Creator\warp\bin/warp.exe
Options  :    -yv2 -q10 -ygs -o2 -v3 -.fftcfgtype=LE -ya -.fftprj=C:\Users\Michael\Documents\PSoC Creator\BLE Lab 1\BLE Lab 2-PRoC.cydsn\BLE Lab 2-PRoC.cyprj -dcpsoc3 BLE Lab 2-PRoC.v -verilog
======================================================================

======================================================================
Compiling:  BLE Lab 2-PRoC.v
Program  :   vlogfe
Options  :    -yv2 -q10 -ygs -o2 -v3 -.fftcfgtype=LE -ya -.fftprj=C:\Users\Michael\Documents\PSoC Creator\BLE Lab 1\BLE Lab 2-PRoC.cydsn\BLE Lab 2-PRoC.cyprj -dcpsoc3 -verilog BLE Lab 2-PRoC.v
======================================================================

vlogfe V6.3 IR 41:  Verilog parser
Thu Sep 29 00:32:17 2016


======================================================================
Compiling:  BLE Lab 2-PRoC.v
Program  :   vpp
Options  :    -yv2 -q10 BLE Lab 2-PRoC.v
======================================================================

vpp V6.3 IR 41:  Verilog Pre-Processor
Thu Sep 29 00:32:17 2016

Flattening file 'C:\Program Files (x86)\Cypress\PSoC Creator\3.1\PSoC Creator\warp\..\psoc\content\cyprimitives\CyPrimitives.cylib\ZeroTerminal\ZeroTerminal.v'
Flattening file 'C:\Program Files (x86)\Cypress\PSoC Creator\3.1\PSoC Creator\warp\..\psoc\content\cyprimitives\CyPrimitives.cylib\cy_virtualmux_v1_0\cy_virtualmux_v1_0.v'
Flattening file 'C:\Program Files (x86)\Cypress\PSoC Creator\3.1\PSoC Creator\warp\..\psoc\content\cyprimitives\CyPrimitives.cylib\or_v1_0\or_v1_0.v'
Flattening file 'C:\Program Files (x86)\Cypress\PSoC Creator\3.1\PSoC Creator\warp\..\psoc\content\cyprimitives\CyPrimitives.cylib\cy_constant_v1_0\cy_constant_v1_0.v'
Flattening file 'C:\Program Files (x86)\Cypress\PSoC Creator\3.1\PSoC Creator\warp\..\psoc\content\cycomponentlibrary\CyComponentLibrary.cylib\bI2S_v2_60\bI2S_v2_60.v'
Flattening file 'C:\Program Files (x86)\Cypress\PSoC Creator\3.1\PSoC Creator\warp\lib\common\cypress.v'
Flattening file 'C:\Program Files (x86)\Cypress\PSoC Creator\3.1\PSoC Creator\warp\lib\common\cy_psoc3_inc.v'

vpp:  No errors.

Library 'work' => directory 'lcpsoc3'
General_symbol_table
General_symbol_table
Linking 'C:\Program Files (x86)\Cypress\PSoC Creator\3.1\PSoC Creator\warp\lib\common\std.vhd'.
Linking 'C:\Program Files (x86)\Cypress\PSoC Creator\3.1\PSoC Creator\warp\lib\common\cypress.vhd'.
Linking 'C:\Program Files (x86)\Cypress\PSoC Creator\3.1\PSoC Creator\warp\lib\common\work\cypress.vif'.
Linking 'C:\Program Files (x86)\Cypress\PSoC Creator\3.1\PSoC Creator\warp\lib\ieee\work\stdlogic.vif'.
Linking 'C:\Program Files (x86)\Cypress\PSoC Creator\3.1\PSoC Creator\warp\lib\common\stdlogic\lpmpkg.vif'.
Linking 'C:\Program Files (x86)\Cypress\PSoC Creator\3.1\PSoC Creator\warp\lib\common\stdlogic\rtlpkg.vif'.
Linking 'C:\Program Files (x86)\Cypress\PSoC Creator\3.1\PSoC Creator\warp\lib\common\stdlogic\mod_cnst.vif'.
Linking 'C:\Program Files (x86)\Cypress\PSoC Creator\3.1\PSoC Creator\warp\lib\common\stdlogic\mod_mthv.vif'.
Linking 'C:\Program Files (x86)\Cypress\PSoC Creator\3.1\PSoC Creator\warp\lib\common\stdlogic\mod_genv.vif'.
Using control file 'BLE Lab 2-PRoC.ctl'.
C:\Program Files (x86)\Cypress\PSoC Creator\3.1\PSoC Creator\warp\..\psoc\content\cycomponentlibrary\CyComponentLibrary.cylib\bI2S_v2_60\bI2S_v2_60.v (line 346, col 104):  Note: Substituting module 'cmp_vv_vv' for '>'.
C:\Program Files (x86)\Cypress\PSoC Creator\3.1\PSoC Creator\warp\..\psoc\content\cycomponentlibrary\CyComponentLibrary.cylib\bI2S_v2_60\bI2S_v2_60.v (line 348, col 118):  Note: Substituting module 'cmp_vv_vv' for '>'.
C:\Program Files (x86)\Cypress\PSoC Creator\3.1\PSoC Creator\warp\..\psoc\content\cycomponentlibrary\CyComponentLibrary.cylib\bI2S_v2_60\bI2S_v2_60.v (line 350, col 105):  Note: Substituting module 'cmp_vv_vv' for '>'.
C:\Program Files (x86)\Cypress\PSoC Creator\3.1\PSoC Creator\warp\..\psoc\content\cycomponentlibrary\CyComponentLibrary.cylib\bI2S_v2_60\bI2S_v2_60.v (line 371, col 63):  Note: Substituting module 'cmp_vv_vv' for '<='.
C:\Program Files (x86)\Cypress\PSoC Creator\3.1\PSoC Creator\warp\..\psoc\content\cycomponentlibrary\CyComponentLibrary.cylib\bI2S_v2_60\bI2S_v2_60.v (line 371, col 90):  Note: Substituting module 'cmp_vv_vv' for '>='.
C:\Program Files (x86)\Cypress\PSoC Creator\3.1\PSoC Creator\warp\..\psoc\content\cycomponentlibrary\CyComponentLibrary.cylib\bI2S_v2_60\bI2S_v2_60.v (line 372, col 63):  Note: Substituting module 'cmp_vv_vv' for '<='.
C:\Program Files (x86)\Cypress\PSoC Creator\3.1\PSoC Creator\warp\..\psoc\content\cycomponentlibrary\CyComponentLibrary.cylib\bI2S_v2_60\bI2S_v2_60.v (line 372, col 90):  Note: Substituting module 'cmp_vv_vv' for '>='.
C:\Program Files (x86)\Cypress\PSoC Creator\3.1\PSoC Creator\warp\..\psoc\content\cycomponentlibrary\CyComponentLibrary.cylib\bI2S_v2_60\bI2S_v2_60.v (line 373, col 39):  Note: Substituting module 'cmp_vv_vv' for '<='.
C:\Program Files (x86)\Cypress\PSoC Creator\3.1\PSoC Creator\warp\..\psoc\content\cycomponentlibrary\CyComponentLibrary.cylib\bI2S_v2_60\bI2S_v2_60.v (line 373, col 66):  Note: Substituting module 'cmp_vv_vv' for '>='.
C:\Program Files (x86)\Cypress\PSoC Creator\3.1\PSoC Creator\warp\..\psoc\content\cycomponentlibrary\CyComponentLibrary.cylib\bI2S_v2_60\bI2S_v2_60.v (line 374, col 63):  Note: Substituting module 'cmp_vv_vv' for '<='.
C:\Program Files (x86)\Cypress\PSoC Creator\3.1\PSoC Creator\warp\..\psoc\content\cycomponentlibrary\CyComponentLibrary.cylib\bI2S_v2_60\bI2S_v2_60.v (line 374, col 90):  Note: Substituting module 'cmp_vv_vv' for '>='.
Linking 'C:\Program Files (x86)\Cypress\PSoC Creator\3.1\PSoC Creator\warp\lib\common\stdlogic\cy_psoc3pkg.vif'.
Linking 'C:\Program Files (x86)\Cypress\PSoC Creator\3.1\PSoC Creator\warp\lib\common\stdlogic\cy_psoc3.vif'.

vlogfe:  No errors.


======================================================================
Compiling:  BLE Lab 2-PRoC.v
Program  :   tovif
Options  :    -yv2 -q10 -ygs -o2 -v3 -.fftcfgtype=LE -ya -.fftprj=C:\Users\Michael\Documents\PSoC Creator\BLE Lab 1\BLE Lab 2-PRoC.cydsn\BLE Lab 2-PRoC.cyprj -dcpsoc3 -verilog BLE Lab 2-PRoC.v
======================================================================

tovif V6.3 IR 41:  High-level synthesis
Thu Sep 29 00:32:18 2016

Linking 'C:\Program Files (x86)\Cypress\PSoC Creator\3.1\PSoC Creator\warp\lib\common\std.vhd'.
Linking 'C:\Program Files (x86)\Cypress\PSoC Creator\3.1\PSoC Creator\warp\lib\common\cypress.vhd'.
Linking 'C:\Program Files (x86)\Cypress\PSoC Creator\3.1\PSoC Creator\warp\lib\common\work\cypress.vif'.
Linking 'C:\Program Files (x86)\Cypress\PSoC Creator\3.1\PSoC Creator\warp\lib\ieee\work\stdlogic.vif'.
Linking 'C:\Program Files (x86)\Cypress\PSoC Creator\3.1\PSoC Creator\warp\lib\common\stdlogic\lpmpkg.vif'.
Linking 'C:\Program Files (x86)\Cypress\PSoC Creator\3.1\PSoC Creator\warp\lib\common\stdlogic\rtlpkg.vif'.
Linking 'C:\Program Files (x86)\Cypress\PSoC Creator\3.1\PSoC Creator\warp\lib\common\stdlogic\mod_cnst.vif'.
Linking 'C:\Program Files (x86)\Cypress\PSoC Creator\3.1\PSoC Creator\warp\lib\common\stdlogic\mod_mthv.vif'.
Linking 'C:\Program Files (x86)\Cypress\PSoC Creator\3.1\PSoC Creator\warp\lib\common\stdlogic\mod_genv.vif'.
Linking 'C:\Users\Michael\Documents\PSoC Creator\BLE Lab 1\BLE Lab 2-PRoC.cydsn\codegentemp\BLE Lab 2-PRoC.ctl'.
Linking 'C:\Program Files (x86)\Cypress\PSoC Creator\3.1\PSoC Creator\psoc\content\cyprimitives\CyPrimitives.cylib\ZeroTerminal\ZeroTerminal.v'.
Linking 'C:\Users\Michael\Documents\PSoC Creator\BLE Lab 1\BLE Lab 2-PRoC.cydsn\codegentemp\BLE Lab 2-PRoC.v'.
Linking 'C:\Program Files (x86)\Cypress\PSoC Creator\3.1\PSoC Creator\psoc\content\cyprimitives\CyPrimitives.cylib\cy_virtualmux_v1_0\cy_virtualmux_v1_0.v'.
Linking 'C:\Program Files (x86)\Cypress\PSoC Creator\3.1\PSoC Creator\psoc\content\cyprimitives\CyPrimitives.cylib\or_v1_0\or_v1_0.v'.
Linking 'C:\Program Files (x86)\Cypress\PSoC Creator\3.1\PSoC Creator\psoc\content\cyprimitives\CyPrimitives.cylib\cy_constant_v1_0\cy_constant_v1_0.v'.
Linking 'C:\Program Files (x86)\Cypress\PSoC Creator\3.1\PSoC Creator\psoc\content\cycomponentlibrary\CyComponentLibrary.cylib\bI2S_v2_60\bI2S_v2_60.v'.
Linking 'C:\Program Files (x86)\Cypress\PSoC Creator\3.1\PSoC Creator\warp\lib\common\cypress.v'.
Linking 'C:\Program Files (x86)\Cypress\PSoC Creator\3.1\PSoC Creator\warp\lib\common\cy_psoc3_inc.v'.
Linking 'C:\Program Files (x86)\Cypress\PSoC Creator\3.1\PSoC Creator\warp\lib\common\stdlogic\cy_psoc3pkg.vif'.
Linking 'C:\Program Files (x86)\Cypress\PSoC Creator\3.1\PSoC Creator\warp\lib\common\stdlogic\cy_psoc3.vif'.

tovif:  No errors.


======================================================================
Compiling:  BLE Lab 2-PRoC.v
Program  :   topld
Options  :    -yv2 -q10 -ygs -o2 -v3 -.fftcfgtype=LE -ya -.fftprj=C:\Users\Michael\Documents\PSoC Creator\BLE Lab 1\BLE Lab 2-PRoC.cydsn\BLE Lab 2-PRoC.cyprj -dcpsoc3 -verilog BLE Lab 2-PRoC.v
======================================================================

topld V6.3 IR 41:  Synthesis and optimization
Thu Sep 29 00:32:18 2016

Linking 'C:\Program Files (x86)\Cypress\PSoC Creator\3.1\PSoC Creator\warp\lib\common\std.vhd'.
Linking 'C:\Program Files (x86)\Cypress\PSoC Creator\3.1\PSoC Creator\warp\lib\common\cypress.vhd'.
Linking 'C:\Program Files (x86)\Cypress\PSoC Creator\3.1\PSoC Creator\warp\lib\common\work\cypress.vif'.
Linking 'C:\Program Files (x86)\Cypress\PSoC Creator\3.1\PSoC Creator\warp\lib\ieee\work\stdlogic.vif'.
Linking 'C:\Program Files (x86)\Cypress\PSoC Creator\3.1\PSoC Creator\warp\lib\common\stdlogic\lpmpkg.vif'.
Linking 'C:\Program Files (x86)\Cypress\PSoC Creator\3.1\PSoC Creator\warp\lib\common\stdlogic\rtlpkg.vif'.
Linking 'C:\Program Files (x86)\Cypress\PSoC Creator\3.1\PSoC Creator\warp\lib\common\stdlogic\mod_cnst.vif'.
Linking 'C:\Program Files (x86)\Cypress\PSoC Creator\3.1\PSoC Creator\warp\lib\common\stdlogic\mod_mthv.vif'.
Linking 'C:\Program Files (x86)\Cypress\PSoC Creator\3.1\PSoC Creator\warp\lib\common\stdlogic\mod_genv.vif'.
Linking 'C:\Users\Michael\Documents\PSoC Creator\BLE Lab 1\BLE Lab 2-PRoC.cydsn\codegentemp\BLE Lab 2-PRoC.ctl'.
Linking 'C:\Program Files (x86)\Cypress\PSoC Creator\3.1\PSoC Creator\psoc\content\cyprimitives\CyPrimitives.cylib\ZeroTerminal\ZeroTerminal.v'.
Linking 'C:\Users\Michael\Documents\PSoC Creator\BLE Lab 1\BLE Lab 2-PRoC.cydsn\codegentemp\BLE Lab 2-PRoC.v'.
Linking 'C:\Program Files (x86)\Cypress\PSoC Creator\3.1\PSoC Creator\psoc\content\cyprimitives\CyPrimitives.cylib\cy_virtualmux_v1_0\cy_virtualmux_v1_0.v'.
Linking 'C:\Program Files (x86)\Cypress\PSoC Creator\3.1\PSoC Creator\psoc\content\cyprimitives\CyPrimitives.cylib\or_v1_0\or_v1_0.v'.
Linking 'C:\Program Files (x86)\Cypress\PSoC Creator\3.1\PSoC Creator\psoc\content\cyprimitives\CyPrimitives.cylib\cy_constant_v1_0\cy_constant_v1_0.v'.
Linking 'C:\Program Files (x86)\Cypress\PSoC Creator\3.1\PSoC Creator\psoc\content\cycomponentlibrary\CyComponentLibrary.cylib\bI2S_v2_60\bI2S_v2_60.v'.
Linking 'C:\Program Files (x86)\Cypress\PSoC Creator\3.1\PSoC Creator\warp\lib\common\cypress.v'.
Linking 'C:\Program Files (x86)\Cypress\PSoC Creator\3.1\PSoC Creator\warp\lib\common\cy_psoc3_inc.v'.
Linking 'C:\Program Files (x86)\Cypress\PSoC Creator\3.1\PSoC Creator\warp\lib\common\stdlogic\cy_psoc3pkg.vif'.
Linking 'C:\Program Files (x86)\Cypress\PSoC Creator\3.1\PSoC Creator\warp\lib\common\stdlogic\cy_psoc3.vif'.
Linking 'C:\Program Files (x86)\Cypress\PSoC Creator\3.1\PSoC Creator\warp\lib\lcpsoc3\stdlogic\cpsoc3.vif'.

----------------------------------------------------------
Detecting unused logic.
----------------------------------------------------------
    User names
	\SCB_1:Net_245\
	\SCB_1:Net_682\
	\SCB_1:uncfg_rx_irq\
	\SCB_1:Net_754\
	\SCB_1:Net_767\
	\SCB_1:Net_547\
	\SCB_1:Net_891\
	\SCB_1:Net_474\
	\SCB_1:Net_899\
	Net_3174
	\BLE_1:Net_55\
	\I2S_1:bI2S:dyn_data_width_1\
	\I2S_1:bI2S:dyn_data_width_0\
	\I2S_1:bI2S:tx_lch_active\
	\I2S_1:bI2S:tx_rch_active\
	\I2S_1:bI2S:tx_stereo_data\
	\I2S_1:bI2S:rx_stereo_data\
	\I2S_1:bI2S:tx_lch_load_3\
	\I2S_1:bI2S:tx_lch_load_2\
	\I2S_1:bI2S:tx_lch_load_1\
	\I2S_1:bI2S:tx_lch_load_0\
	\I2S_1:bI2S:tx_rch_load_3\
	\I2S_1:bI2S:tx_rch_load_2\
	\I2S_1:bI2S:tx_rch_load_1\
	\I2S_1:bI2S:tx_rch_load_0\
	\I2S_1:bI2S:data_trunc\
	Net_3192
	\I2S_1:rx_drq0_0\
	\I2S_1:rx_drq1_0\
	\I2S_1:Net_1_1\
	\I2S_1:rx_line_1\
	\I2S_1:Net_1_2\
	\I2S_1:rx_line_2\
	\I2S_1:Net_1_3\
	\I2S_1:rx_line_3\
	\I2S_1:Net_1_4\
	\I2S_1:rx_line_4\
	\I2S_1:sdo_4\
	\I2S_1:sdo_3\
	\I2S_1:sdo_2\
	\I2S_1:sdo_1\
	Net_3187_0
	\I2S_1:rx_dma0_4\
	\I2S_1:rx_dma0_3\
	\I2S_1:rx_dma0_2\
	\I2S_1:rx_dma0_1\
	Net_3188_0
	\I2S_1:rx_dma1_4\
	\I2S_1:rx_dma1_3\
	\I2S_1:rx_dma1_2\
	\I2S_1:rx_dma1_1\
	Net_3189_0
	\I2S_1:tx_dma0_4\
	\I2S_1:tx_dma0_3\
	\I2S_1:tx_dma0_2\
	\I2S_1:tx_dma0_1\
	Net_3190_0
	\I2S_1:tx_dma1_4\
	\I2S_1:tx_dma1_3\
	\I2S_1:tx_dma1_2\
	\I2S_1:tx_dma1_1\
	Net_3191_0
	\I2S_1:clip_4\
	\I2S_1:clip_3\
	\I2S_1:clip_2\
	\I2S_1:clip_1\
	Net_3194_0


Deleted 67 User equations/components.
Deleted 0 Synthesized equations/components.

------------------------------------------------------
Alias Detection
------------------------------------------------------
Aliasing \SCB_1:Net_452\ to \SCB_1:Net_459\
Aliasing \SCB_1:Net_676\ to \SCB_1:Net_459\
Aliasing \SCB_1:Net_416\ to \SCB_1:Net_459\
Aliasing zero to \SCB_1:Net_459\
Aliasing one to \SCB_1:tmpOE__sclk_m_net_0\
Aliasing \SCB_1:tmpOE__miso_m_net_0\ to \SCB_1:tmpOE__sclk_m_net_0\
Aliasing \SCB_1:tmpOE__mosi_m_net_0\ to \SCB_1:tmpOE__sclk_m_net_0\
Aliasing \SCB_1:tmpOE__ss0_m_net_0\ to \SCB_1:tmpOE__sclk_m_net_0\
Aliasing \SCB_1:Net_747\ to \SCB_1:Net_459\
Aliasing tmpOE__LED_1_net_0 to \SCB_1:tmpOE__sclk_m_net_0\
Aliasing tmpOE__ADC_In_net_0 to \SCB_1:tmpOE__sclk_m_net_0\
Aliasing tmpOE__SW1_net_0 to \SCB_1:tmpOE__sclk_m_net_0\
Aliasing tmpOE__SW2_net_0 to \SCB_1:tmpOE__sclk_m_net_0\
Aliasing tmpOE__SW5_net_0 to \SCB_1:tmpOE__sclk_m_net_0\
Aliasing tmpOE__SW3_net_0 to \SCB_1:tmpOE__sclk_m_net_0\
Aliasing tmpOE__SW4_net_0 to \SCB_1:tmpOE__sclk_m_net_0\
Aliasing tmpOE__LED_2_net_0 to \SCB_1:tmpOE__sclk_m_net_0\
Aliasing \I2S_1:bI2S:rx_lch_active\ to \SCB_1:tmpOE__sclk_m_net_0\
Aliasing \I2S_1:bI2S:rx_rch_active\ to \SCB_1:tmpOE__sclk_m_net_0\
Aliasing \I2S_1:bI2S:data_width_8\ to \SCB_1:tmpOE__sclk_m_net_0\
Aliasing \I2S_1:bI2S:data_width_16\ to \SCB_1:tmpOE__sclk_m_net_0\
Aliasing \I2S_1:bI2S:data_width_24\ to \SCB_1:Net_459\
Aliasing \I2S_1:bI2S:data_width_32\ to \SCB_1:Net_459\
Aliasing \I2S_1:bI2S:Rx:STS[0]:status_2\ to \SCB_1:Net_459\
Aliasing \I2S_1:bI2S:Rx:STS[0]:status_5\ to \SCB_1:Net_459\
Aliasing \I2S_1:bI2S:Rx:STS[0]:status_4\ to \SCB_1:Net_459\
Aliasing \I2S_1:bI2S:Rx:STS[0]:status_3\ to \SCB_1:Net_459\
Aliasing tmpOE__SCK_net_0 to \SCB_1:tmpOE__sclk_m_net_0\
Aliasing tmpOE__WS_net_0 to \SCB_1:tmpOE__sclk_m_net_0\
Aliasing tmpOE__SDI_net_0 to \SCB_1:tmpOE__sclk_m_net_0\
Aliasing \PWM:Net_75\ to \SCB_1:Net_459\
Aliasing \PWM:Net_69\ to \SCB_1:tmpOE__sclk_m_net_0\
Aliasing \PWM:Net_66\ to \SCB_1:Net_459\
Aliasing \PWM:Net_82\ to \SCB_1:Net_459\
Aliasing \PWM:Net_72\ to \SCB_1:Net_459\
Aliasing tmpOE__Pin_LED_net_0 to \SCB_1:tmpOE__sclk_m_net_0\
Aliasing \I2S_1:bI2S:rx_f1_load\\D\ to \SCB_1:Net_459\
Removing Lhs of wire \SCB_1:Net_652\[9] = \SCB_1:Net_459\[8]
Removing Lhs of wire \SCB_1:Net_452\[10] = \SCB_1:Net_459\[8]
Removing Lhs of wire \SCB_1:Net_676\[11] = \SCB_1:Net_459\[8]
Removing Lhs of wire \SCB_1:Net_416\[13] = \SCB_1:Net_459\[8]
Removing Lhs of wire \SCB_1:Net_654\[14] = \SCB_1:Net_459\[8]
Removing Lhs of wire \SCB_1:SCBclock\[17] = \SCB_1:Net_847\[7]
Removing Lhs of wire \SCB_1:Net_653\[18] = \SCB_1:Net_459\[8]
Removing Lhs of wire \SCB_1:Net_909\[19] = \SCB_1:Net_459\[8]
Removing Rhs of wire \SCB_1:Net_663\[20] = \SCB_1:Net_467\[21]
Removing Rhs of wire zero[30] = \SCB_1:Net_459\[8]
Removing Rhs of wire one[31] = \SCB_1:tmpOE__sclk_m_net_0\[25]
Removing Lhs of wire \SCB_1:tmpOE__miso_m_net_0\[34] = one[31]
Removing Lhs of wire \SCB_1:tmpOE__mosi_m_net_0\[39] = one[31]
Removing Lhs of wire \SCB_1:tmpOE__ss0_m_net_0\[46] = one[31]
Removing Lhs of wire \SCB_1:Net_739\[52] = zero[30]
Removing Lhs of wire \SCB_1:Net_747\[53] = zero[30]
Removing Lhs of wire tmpOE__LED_1_net_0[79] = one[31]
Removing Lhs of wire tmpOE__ADC_In_net_0[104] = one[31]
Removing Lhs of wire tmpOE__SW1_net_0[118] = one[31]
Removing Lhs of wire tmpOE__SW2_net_0[126] = one[31]
Removing Lhs of wire tmpOE__SW5_net_0[134] = one[31]
Removing Lhs of wire tmpOE__SW3_net_0[142] = one[31]
Removing Lhs of wire tmpOE__SW4_net_0[150] = one[31]
Removing Lhs of wire tmpOE__LED_2_net_0[158] = one[31]
Removing Lhs of wire \I2S_1:Net_2\[164] = Net_2347[272]
Removing Lhs of wire \I2S_1:bI2S:enable\[177] = \I2S_1:bI2S:ctrl_2\[174]
Removing Rhs of wire Net_2349[188] = \I2S_1:bI2S:count_0\[186]
Removing Rhs of wire Net_2350[189] = \I2S_1:bI2S:channel\[187]
Removing Lhs of wire \I2S_1:bI2S:rx_lch_active\[193] = one[31]
Removing Lhs of wire \I2S_1:bI2S:rx_rch_active\[194] = one[31]
Removing Lhs of wire \I2S_1:bI2S:data_width_8\[196] = one[31]
Removing Lhs of wire \I2S_1:bI2S:data_width_16\[197] = one[31]
Removing Lhs of wire \I2S_1:bI2S:data_width_24\[198] = zero[30]
Removing Lhs of wire \I2S_1:bI2S:data_width_32\[199] = zero[30]
Removing Lhs of wire \I2S_1:bI2S:rx_lch_load_1\[210] = one[31]
Removing Lhs of wire \I2S_1:bI2S:rx_lch_load_0\[211] = one[31]
Removing Lhs of wire \I2S_1:bI2S:rx_rch_load_1\[214] = one[31]
Removing Lhs of wire \I2S_1:bI2S:rx_rch_load_0\[215] = one[31]
Removing Lhs of wire \I2S_1:bI2S:Rx:STS[0]:status_0\[225] = \I2S_1:bI2S:rx_overflow_0\[223]
Removing Lhs of wire \I2S_1:bI2S:Rx:STS[0]:status_1\[226] = \I2S_1:bI2S:rx_f0_n_empty_0\[227]
Removing Lhs of wire \I2S_1:bI2S:Rx:STS[0]:status_2\[228] = zero[30]
Removing Lhs of wire \I2S_1:bI2S:Rx:STS[0]:status_5\[229] = zero[30]
Removing Lhs of wire \I2S_1:bI2S:Rx:STS[0]:status_4\[230] = zero[30]
Removing Lhs of wire \I2S_1:bI2S:Rx:STS[0]:status_3\[231] = zero[30]
Removing Rhs of wire \I2S_1:Net_1_0\[241] = \I2S_1:rx_line_0\[273]
Removing Lhs of wire \I2S_1:Net_1_0\[241] = Net_2348[282]
Removing Lhs of wire tmpOE__SCK_net_0[342] = one[31]
Removing Lhs of wire tmpOE__WS_net_0[348] = one[31]
Removing Lhs of wire tmpOE__SDI_net_0[354] = one[31]
Removing Lhs of wire \PWM:Net_81\[360] = Net_41[372]
Removing Lhs of wire \PWM:Net_75\[361] = zero[30]
Removing Lhs of wire \PWM:Net_69\[362] = one[31]
Removing Lhs of wire \PWM:Net_66\[363] = zero[30]
Removing Lhs of wire \PWM:Net_82\[364] = zero[30]
Removing Lhs of wire \PWM:Net_72\[365] = zero[30]
Removing Lhs of wire tmpOE__Pin_LED_net_0[374] = one[31]
Removing Lhs of wire \I2S_1:bI2S:rx_f1_load\\D\[386] = zero[30]
Removing Lhs of wire \I2S_1:bI2S:rx_int_reg\\D\[389] = \I2S_1:bI2S:rx_int_out_0\[233]

------------------------------------------------------
Aliased 0 equations, 58 wires.
------------------------------------------------------

----------------------------------------------------------
Circuit simplification
----------------------------------------------------------

Substituting virtuals - pass 1:

Note:  Expanding virtual equation for 'one' (cost = 0):
one <=  ('1') ;

Note:  Expanding virtual equation for 'zero' (cost = 0):
zero <=  ('0') ;

Note:  Expanding virtual equation for '\I2S_1:bI2S:rx_lch_load_3\' (cost = 0):
\I2S_1:bI2S:rx_lch_load_3\ <=  ('0') ;

Note:  Expanding virtual equation for '\I2S_1:bI2S:rx_lch_load_2\' (cost = 0):
\I2S_1:bI2S:rx_lch_load_2\ <=  ('0') ;

Note:  Expanding virtual equation for '\I2S_1:bI2S:rx_rch_load_3\' (cost = 0):
\I2S_1:bI2S:rx_rch_load_3\ <=  ('0') ;

Note:  Expanding virtual equation for '\I2S_1:bI2S:rx_rch_load_2\' (cost = 0):
\I2S_1:bI2S:rx_rch_load_2\ <=  ('0') ;

Note:  Expanding virtual equation for '\I2S_1:bI2S:rx_overflow_0\' (cost = 1):
\I2S_1:bI2S:rx_overflow_0\ <= ((\I2S_1:bI2S:rx_f0_load\ and \I2S_1:bI2S:rx_f0_full_0\));


Substituting virtuals - pass 2:


----------------------------------------------------------
Circuit simplification results:

	Expanded 7 signals.
	Turned 0 signals into soft nodes.
	Maximum default expansion cost was set at 3.
----------------------------------------------------------

------------------------------------------------------
Alias Detection
------------------------------------------------------

------------------------------------------------------
Aliased 0 equations, 0 wires.
------------------------------------------------------

Last attempt to remove unused logic - pass 1:


Last attempt to remove unused logic - pass 2:


topld:  No errors.

CYPRESS_DIR    : C:\Program Files (x86)\Cypress\PSoC Creator\3.1\PSoC Creator\warp
Warp Program   : C:\Program Files (x86)\Cypress\PSoC Creator\3.1\PSoC Creator\warp\bin/warp.exe
Warp Arguments : -yv2 -q10 -ygs -o2 -v3 -.fftcfgtype=LE -ya "-.fftprj=C:\Users\Michael\Documents\PSoC Creator\BLE Lab 1\BLE Lab 2-PRoC.cydsn\BLE Lab 2-PRoC.cyprj" -dcpsoc3 "BLE Lab 2-PRoC.v" -verilog
</CYPRESSTAG>
Warp synthesis phase: Elapsed time ==> 2s.667ms
<CYPRESSTAG name="Fitter results...">
<CYPRESSTAG name="Fitter startup details...">
cyp3fit: V3.1.0.2288, Family: PSoC3, Started at: Thursday, 29 September 2016 00:32:19
Options: -yv2 -q10 -ygs -o2 -v3 -.fftcfgtype=LE -ya -.fftprj=C:\Users\Michael\Documents\PSoC Creator\BLE Lab 1\BLE Lab 2-PRoC.cydsn\BLE Lab 2-PRoC.cyprj -d CYBL10563-56LQXI BLE Lab 2-PRoC.v -verilog
</CYPRESSTAG>
<CYPRESSTAG name="Design parsing">
Design parsing phase: Elapsed time ==> 0s.028ms
</CYPRESSTAG>
<CYPRESSTAG name="Tech mapping">
<CYPRESSTAG name="Initial Mapping" icon="FILE_RPT_TECHM">
    Converted constant MacroCell: \I2S_1:bI2S:rx_f1_load\ from registered to combinatorial
Assigning clock BLE_1_LFCLK to clock LFCLK because it is a pass-through

Removing unused cells resulting from optimization
Done removing unused cells.
<CYPRESSTAG name="Global Clock Selection" icon="FILE_RPT_TECHM">
    Fixed Function Clock 1: Automatic-assigning  clock 'SCB_1_SCBCLK'. Signal=\SCB_1:Net_847_ff1\
    Digital Clock 0: Automatic-assigning  clock 'Clock_4'. Fanout=1, Signal=Net_2347_digital
    Alignment-Only Clock: Automatic-assigning  clock 'Clock_1'. Fanout=0
    Fixed Function Clock 7: Automatic-assigning  clock 'Clock'. Signal=Net_41_ff7
<CYPRESSTAG name="UDB Clock/Enable Remapping Results">
    UDB Clk/Enable \I2S_1:bI2S:ClkSync\: with output requested to be synchronous
        ClockIn: ClockGenBlock:m0s8clockgenblockcell.gen_clk_out_0 was determined to be a global clock that is synchronous to HFCLK
        EnableIn: Constant 1 was determined to be synchronous to ClockIn
        ClockOut: ClockGenBlock:m0s8clockgenblockcell.gen_clk_out_0, EnableOut: Constant 1
</CYPRESSTAG>
</CYPRESSTAG>
ADD: pft.M0040: information: The following 15 pin(s) will be assigned a location by the fitter: \SCB_1:miso_m(0)\, \SCB_1:mosi_m(0)\, \SCB_1:sclk_m(0)\, \SCB_1:ss0_m(0)\, ADC_In(0), LED_1(0), LED_2(0), SCK(0), SDI(0), SW1(0), SW2(0), SW3(0), SW4(0), SW5(0), WS(0)


Removing unused cells resulting from optimization
Done removing unused cells.
<CYPRESSTAG name="Duplicate Macrocell detection">
</CYPRESSTAG>
</CYPRESSTAG>
<CYPRESSTAG name="Duplicate Macrocell detection">
</CYPRESSTAG>
<CYPRESSTAG name="Design Equations" icon="FILE_RPT_EQUATION">

------------------------------------------------------------
Design Equations
------------------------------------------------------------
    <CYPRESSTAG name="Pin listing">

    ------------------------------------------------------------
    Pin listing
    ------------------------------------------------------------

    Pin : Name = ADC_In(0)
        Attributes:
            In Group/Port: True
            In Sync Option: AUTO
            Out Sync Option: AUTO
            Interrupt generated: False
            Interrupt mode: NONE
            Drive mode: HI_Z_ANALOG
            VTrip: EITHER
            Slew: FAST
            Input Sync needed: False
            Output Sync needed: False
            SC shield enabled: False
            POR State: ANY
            LCD Mode: COMMON
            Register Mode: RegComb
            CaSense Mode: NEITHER
            Treat as pin: True
            Is OE Registered: False
            Uses Analog: True
            Can contain Digital: False
            Is SIO: False
            SIO Output Buf: NONREGULATED
            SIO Input Buf: SINGLE_ENDED
            SIO HiFreq: LOW
            SIO Hyst: DISABLED
            SIO Vtrip: MULTIPLIER_0_5
            SIO RefSel: VCC_IO
            Required Capabilitites: ANALOG
            Initial Value: 1
            IO Voltage: 0
        PORT MAP (
            pa_out => ADC_In(0)__PA ,
            annotation => Net_3224 ,
            pad => ADC_In(0)_PAD );

    Pin : Name = LED_1(0)
        Attributes:
            In Group/Port: True
            In Sync Option: AUTO
            Out Sync Option: NOSYNC
            Interrupt generated: False
            Interrupt mode: NONE
            Drive mode: OPEN_DRAIN_LO
            VTrip: EITHER
            Slew: FAST
            Input Sync needed: False
            Output Sync needed: False
            SC shield enabled: False
            POR State: ANY
            LCD Mode: COMMON
            Register Mode: RegComb
            CaSense Mode: NEITHER
            Treat as pin: True
            Is OE Registered: False
            Uses Analog: False
            Can contain Digital: True
            Is SIO: False
            SIO Output Buf: NONREGULATED
            SIO Input Buf: SINGLE_ENDED
            SIO HiFreq: LOW
            SIO Hyst: DISABLED
            SIO Vtrip: MULTIPLIER_0_5
            SIO RefSel: VCC_IO
            Required Capabilitites: DIGITAL
            Initial Value: 1
            IO Voltage: 0
        PORT MAP (
            pa_out => LED_1(0)__PA ,
            annotation => Net_2298 ,
            pad => LED_1(0)_PAD );

    Pin : Name = LED_2(0)
        Attributes:
            In Group/Port: True
            In Sync Option: AUTO
            Out Sync Option: NOSYNC
            Interrupt generated: False
            Interrupt mode: NONE
            Drive mode: OPEN_DRAIN_LO
            VTrip: EITHER
            Slew: FAST
            Input Sync needed: False
            Output Sync needed: False
            SC shield enabled: False
            POR State: ANY
            LCD Mode: COMMON
            Register Mode: RegComb
            CaSense Mode: NEITHER
            Treat as pin: True
            Is OE Registered: False
            Uses Analog: False
            Can contain Digital: True
            Is SIO: False
            SIO Output Buf: NONREGULATED
            SIO Input Buf: SINGLE_ENDED
            SIO HiFreq: LOW
            SIO Hyst: DISABLED
            SIO Vtrip: MULTIPLIER_0_5
            SIO RefSel: VCC_IO
            Required Capabilitites: DIGITAL
            Initial Value: 1
            IO Voltage: 0
        PORT MAP (
            pa_out => LED_2(0)__PA ,
            annotation => Net_2335 ,
            pad => LED_2(0)_PAD );

    Pin : Name = Pin_LED(0)
        Attributes:
            In Group/Port: True
            In Sync Option: AUTO
            Out Sync Option: NOSYNC
            Interrupt generated: False
            Interrupt mode: NONE
            Drive mode: CMOS_OUT
            VTrip: EITHER
            Slew: FAST
            Input Sync needed: False
            Output Sync needed: False
            SC shield enabled: False
            POR State: ANY
            LCD Mode: COMMON
            Register Mode: RegComb
            CaSense Mode: NEITHER
            Treat as pin: True
            Is OE Registered: False
            Uses Analog: False
            Can contain Digital: True
            Is SIO: False
            SIO Output Buf: NONREGULATED
            SIO Input Buf: SINGLE_ENDED
            SIO HiFreq: LOW
            SIO Hyst: DISABLED
            SIO Vtrip: MULTIPLIER_0_5
            SIO RefSel: VCC_IO
            Required Capabilitites: DIGITAL, TCPWM_N
            Initial Value: 1
            IO Voltage: 0
        PORT MAP (
            pa_out => Pin_LED(0)__PA ,
            input => Net_15 ,
            pad => Pin_LED(0)_PAD );
        Properties:
        {
        }

    Pin : Name = SCK(0)
        Attributes:
            In Group/Port: True
            In Sync Option: AUTO
            Out Sync Option: NOSYNC
            Interrupt generated: False
            Interrupt mode: NONE
            Drive mode: CMOS_OUT
            VTrip: EITHER
            Slew: FAST
            Input Sync needed: False
            Output Sync needed: False
            SC shield enabled: False
            POR State: ANY
            LCD Mode: COMMON
            Register Mode: RegComb
            CaSense Mode: NEITHER
            Treat as pin: True
            Is OE Registered: False
            Uses Analog: False
            Can contain Digital: True
            Is SIO: False
            SIO Output Buf: NONREGULATED
            SIO Input Buf: SINGLE_ENDED
            SIO HiFreq: LOW
            SIO Hyst: DISABLED
            SIO Vtrip: MULTIPLIER_0_5
            SIO RefSel: VCC_IO
            Required Capabilitites: DIGITAL, ROUTABLE
            Initial Value: 1
            IO Voltage: 0
        PORT MAP (
            pa_out => SCK(0)__PA ,
            input => Net_2349 ,
            pad => SCK(0)_PAD );

    Pin : Name = SDI(0)
        Attributes:
            In Group/Port: True
            In Sync Option: NOSYNC
            Out Sync Option: AUTO
            Interrupt generated: False
            Interrupt mode: NONE
            Drive mode: HI_Z_DIGITAL
            VTrip: CMOS
            Slew: FAST
            Input Sync needed: False
            Output Sync needed: False
            SC shield enabled: False
            POR State: ANY
            LCD Mode: COMMON
            Register Mode: RegComb
            CaSense Mode: NEITHER
            Treat as pin: True
            Is OE Registered: False
            Uses Analog: False
            Can contain Digital: True
            Is SIO: False
            SIO Output Buf: NONREGULATED
            SIO Input Buf: SINGLE_ENDED
            SIO HiFreq: LOW
            SIO Hyst: DISABLED
            SIO Vtrip: MULTIPLIER_0_5
            SIO RefSel: VCC_IO
            Required Capabilitites: DIGITAL, ROUTABLE
            Initial Value: 0
            IO Voltage: 0
        PORT MAP (
            pa_out => SDI(0)__PA ,
            fb => Net_2348 ,
            pad => SDI(0)_PAD );

    Pin : Name = SW1(0)
        Attributes:
            In Group/Port: True
            In Sync Option: SYNC
            Out Sync Option: AUTO
            Interrupt generated: False
            Interrupt mode: NONE
            Drive mode: RES_PULL_UP
            VTrip: CMOS
            Slew: FAST
            Input Sync needed: True
            Output Sync needed: False
            SC shield enabled: False
            POR State: ANY
            LCD Mode: COMMON
            Register Mode: RegComb
            CaSense Mode: NEITHER
            Treat as pin: True
            Is OE Registered: False
            Uses Analog: False
            Can contain Digital: True
            Is SIO: False
            SIO Output Buf: NONREGULATED
            SIO Input Buf: SINGLE_ENDED
            SIO HiFreq: LOW
            SIO Hyst: DISABLED
            SIO Vtrip: MULTIPLIER_0_5
            SIO RefSel: VCC_IO
            Required Capabilitites: DIGITAL, ROUTABLE
            Initial Value: 1
            IO Voltage: 0
        PORT MAP (
            pa_out => SW1(0)__PA ,
            annotation => Net_2260 ,
            pad => SW1(0)_PAD );

    Pin : Name = SW2(0)
        Attributes:
            In Group/Port: True
            In Sync Option: SYNC
            Out Sync Option: AUTO
            Interrupt generated: False
            Interrupt mode: NONE
            Drive mode: RES_PULL_UP
            VTrip: CMOS
            Slew: FAST
            Input Sync needed: True
            Output Sync needed: False
            SC shield enabled: False
            POR State: ANY
            LCD Mode: COMMON
            Register Mode: RegComb
            CaSense Mode: NEITHER
            Treat as pin: True
            Is OE Registered: False
            Uses Analog: False
            Can contain Digital: True
            Is SIO: False
            SIO Output Buf: NONREGULATED
            SIO Input Buf: SINGLE_ENDED
            SIO HiFreq: LOW
            SIO Hyst: DISABLED
            SIO Vtrip: MULTIPLIER_0_5
            SIO RefSel: VCC_IO
            Required Capabilitites: DIGITAL, ROUTABLE
            Initial Value: 1
            IO Voltage: 0
        PORT MAP (
            pa_out => SW2(0)__PA ,
            annotation => Net_2259 ,
            pad => SW2(0)_PAD );

    Pin : Name = SW3(0)
        Attributes:
            In Group/Port: True
            In Sync Option: SYNC
            Out Sync Option: AUTO
            Interrupt generated: False
            Interrupt mode: NONE
            Drive mode: RES_PULL_UP
            VTrip: CMOS
            Slew: FAST
            Input Sync needed: True
            Output Sync needed: False
            SC shield enabled: False
            POR State: ANY
            LCD Mode: COMMON
            Register Mode: RegComb
            CaSense Mode: NEITHER
            Treat as pin: True
            Is OE Registered: False
            Uses Analog: False
            Can contain Digital: True
            Is SIO: False
            SIO Output Buf: NONREGULATED
            SIO Input Buf: SINGLE_ENDED
            SIO HiFreq: LOW
            SIO Hyst: DISABLED
            SIO Vtrip: MULTIPLIER_0_5
            SIO RefSel: VCC_IO
            Required Capabilitites: DIGITAL, ROUTABLE
            Initial Value: 1
            IO Voltage: 0
        PORT MAP (
            pa_out => SW3(0)__PA ,
            annotation => Net_2255 ,
            pad => SW3(0)_PAD );

    Pin : Name = SW4(0)
        Attributes:
            In Group/Port: True
            In Sync Option: SYNC
            Out Sync Option: AUTO
            Interrupt generated: False
            Interrupt mode: NONE
            Drive mode: RES_PULL_UP
            VTrip: CMOS
            Slew: FAST
            Input Sync needed: True
            Output Sync needed: False
            SC shield enabled: False
            POR State: ANY
            LCD Mode: COMMON
            Register Mode: RegComb
            CaSense Mode: NEITHER
            Treat as pin: True
            Is OE Registered: False
            Uses Analog: False
            Can contain Digital: True
            Is SIO: False
            SIO Output Buf: NONREGULATED
            SIO Input Buf: SINGLE_ENDED
            SIO HiFreq: LOW
            SIO Hyst: DISABLED
            SIO Vtrip: MULTIPLIER_0_5
            SIO RefSel: VCC_IO
            Required Capabilitites: DIGITAL, ROUTABLE
            Initial Value: 1
            IO Voltage: 0
        PORT MAP (
            pa_out => SW4(0)__PA ,
            annotation => Net_2253 ,
            pad => SW4(0)_PAD );

    Pin : Name = SW5(0)
        Attributes:
            In Group/Port: True
            In Sync Option: SYNC
            Out Sync Option: AUTO
            Interrupt generated: False
            Interrupt mode: NONE
            Drive mode: RES_PULL_UP
            VTrip: CMOS
            Slew: FAST
            Input Sync needed: True
            Output Sync needed: False
            SC shield enabled: False
            POR State: ANY
            LCD Mode: COMMON
            Register Mode: RegComb
            CaSense Mode: NEITHER
            Treat as pin: True
            Is OE Registered: False
            Uses Analog: False
            Can contain Digital: True
            Is SIO: False
            SIO Output Buf: NONREGULATED
            SIO Input Buf: SINGLE_ENDED
            SIO HiFreq: LOW
            SIO Hyst: DISABLED
            SIO Vtrip: MULTIPLIER_0_5
            SIO RefSel: VCC_IO
            Required Capabilitites: DIGITAL, ROUTABLE
            Initial Value: 1
            IO Voltage: 0
        PORT MAP (
            pa_out => SW5(0)__PA ,
            annotation => Net_2257 ,
            pad => SW5(0)_PAD );

    Pin : Name = WS(0)
        Attributes:
            In Group/Port: True
            In Sync Option: AUTO
            Out Sync Option: NOSYNC
            Interrupt generated: False
            Interrupt mode: NONE
            Drive mode: CMOS_OUT
            VTrip: EITHER
            Slew: FAST
            Input Sync needed: False
            Output Sync needed: False
            SC shield enabled: False
            POR State: ANY
            LCD Mode: COMMON
            Register Mode: RegComb
            CaSense Mode: NEITHER
            Treat as pin: True
            Is OE Registered: False
            Uses Analog: False
            Can contain Digital: True
            Is SIO: False
            SIO Output Buf: NONREGULATED
            SIO Input Buf: SINGLE_ENDED
            SIO HiFreq: LOW
            SIO Hyst: DISABLED
            SIO Vtrip: MULTIPLIER_0_5
            SIO RefSel: VCC_IO
            Required Capabilitites: DIGITAL, ROUTABLE
            Initial Value: 1
            IO Voltage: 0
        PORT MAP (
            pa_out => WS(0)__PA ,
            input => Net_2350 ,
            pad => WS(0)_PAD );

    Pin : Name = \SCB_1:miso_m(0)\
        Attributes:
            In Group/Port: True
            In Sync Option: NOSYNC
            Out Sync Option: AUTO
            Interrupt generated: False
            Interrupt mode: NONE
            Drive mode: HI_Z_DIGITAL
            VTrip: CMOS
            Slew: FAST
            Input Sync needed: False
            Output Sync needed: False
            SC shield enabled: False
            POR State: ANY
            LCD Mode: COMMON
            Register Mode: RegComb
            CaSense Mode: NEITHER
            Treat as pin: True
            Is OE Registered: False
            Uses Analog: False
            Can contain Digital: True
            Is SIO: False
            SIO Output Buf: NONREGULATED
            SIO Input Buf: SINGLE_ENDED
            SIO HiFreq: LOW
            SIO Hyst: DISABLED
            SIO Vtrip: MULTIPLIER_0_5
            SIO RefSel: VCC_IO
            Required Capabilitites: DIGITAL, SPI_MISO
            Initial Value: 0
            IO Voltage: 0
        PORT MAP (
            pa_out => \SCB_1:miso_m(0)\__PA ,
            fb => \SCB_1:Net_663\ ,
            pad => \SCB_1:miso_m(0)_PAD\ );

    Pin : Name = \SCB_1:mosi_m(0)\
        Attributes:
            In Group/Port: True
            In Sync Option: NOSYNC
            Out Sync Option: NOSYNC
            Interrupt generated: False
            Interrupt mode: NONE
            Drive mode: CMOS_OUT
            VTrip: CMOS
            Slew: FAST
            Input Sync needed: False
            Output Sync needed: False
            SC shield enabled: False
            POR State: ANY
            LCD Mode: COMMON
            Register Mode: RegComb
            CaSense Mode: NEITHER
            Treat as pin: True
            Is OE Registered: False
            Uses Analog: False
            Can contain Digital: True
            Is SIO: False
            SIO Output Buf: NONREGULATED
            SIO Input Buf: SINGLE_ENDED
            SIO HiFreq: LOW
            SIO Hyst: DISABLED
            SIO Vtrip: MULTIPLIER_0_5
            SIO RefSel: VCC_IO
            Required Capabilitites: DIGITAL, SPI_MOSI
            Initial Value: 1
            IO Voltage: 0
        PORT MAP (
            pa_out => \SCB_1:mosi_m(0)\__PA ,
            input => \SCB_1:Net_660\ ,
            pad => \SCB_1:mosi_m(0)_PAD\ );

    Pin : Name = \SCB_1:sclk_m(0)\
        Attributes:
            In Group/Port: True
            In Sync Option: NOSYNC
            Out Sync Option: NOSYNC
            Interrupt generated: False
            Interrupt mode: NONE
            Drive mode: CMOS_OUT
            VTrip: CMOS
            Slew: FAST
            Input Sync needed: False
            Output Sync needed: False
            SC shield enabled: False
            POR State: ANY
            LCD Mode: COMMON
            Register Mode: RegComb
            CaSense Mode: NEITHER
            Treat as pin: True
            Is OE Registered: False
            Uses Analog: False
            Can contain Digital: True
            Is SIO: False
            SIO Output Buf: NONREGULATED
            SIO Input Buf: SINGLE_ENDED
            SIO HiFreq: LOW
            SIO Hyst: DISABLED
            SIO Vtrip: MULTIPLIER_0_5
            SIO RefSel: VCC_IO
            Required Capabilitites: DIGITAL, SPI_SCLK
            Initial Value: 1
            IO Voltage: 0
        PORT MAP (
            pa_out => \SCB_1:sclk_m(0)\__PA ,
            input => \SCB_1:Net_687\ ,
            pad => \SCB_1:sclk_m(0)_PAD\ );

    Pin : Name = \SCB_1:ss0_m(0)\
        Attributes:
            In Group/Port: True
            In Sync Option: NOSYNC
            Out Sync Option: NOSYNC
            Interrupt generated: False
            Interrupt mode: NONE
            Drive mode: CMOS_OUT
            VTrip: CMOS
            Slew: FAST
            Input Sync needed: False
            Output Sync needed: False
            SC shield enabled: False
            POR State: ANY
            LCD Mode: COMMON
            Register Mode: RegComb
            CaSense Mode: NEITHER
            Treat as pin: True
            Is OE Registered: False
            Uses Analog: False
            Can contain Digital: True
            Is SIO: False
            SIO Output Buf: NONREGULATED
            SIO Input Buf: SINGLE_ENDED
            SIO HiFreq: LOW
            SIO Hyst: DISABLED
            SIO Vtrip: MULTIPLIER_0_5
            SIO RefSel: VCC_IO
            Required Capabilitites: DIGITAL, SPI_SS
            Initial Value: 1
            IO Voltage: 0
        PORT MAP (
            pa_out => \SCB_1:ss0_m(0)\__PA ,
            input => \SCB_1:ss_0\ ,
            pad => \SCB_1:ss0_m(0)_PAD\ );
    </CYPRESSTAG>
    <CYPRESSTAG name="Macrocell listing" icon="FILE_RPT_EQUATION">

    ------------------------------------------------------------
    Macrocell listing
    ------------------------------------------------------------

    MacroCell: Name=Net_2350, Mode=(D-Register)
        Total # of inputs        : 2
        Total # of product terms : 1
        List of special equations: 
            Clock  = (Net_2347_digital) => Global
            Clock Enable: True
        Main Equation            : 1 pterm
        (
              !\I2S_1:bI2S:reset\ * !\I2S_1:bI2S:count_6\
        );
        Output = Net_2350 (fanout=1)

    MacroCell: Name=\I2S_1:bI2S:reset\, Mode=(D-Register)
        Total # of inputs        : 1
        Total # of product terms : 1
        List of special equations: 
            Clock  = (Net_2347_digital) => Global
            Clock Enable: True
        Main Equation            : 1 pterm
        (
              !\I2S_1:bI2S:ctrl_2\
        );
        Output = \I2S_1:bI2S:reset\ (fanout=1)

    MacroCell: Name=\I2S_1:bI2S:rx_data_in_0\, Mode=(D-Register)
        Total # of inputs        : 3
        Total # of product terms : 2
        List of special equations: 
            Clock  = (Net_2347_digital) => Global
            Clock Enable: True
        Main Equation            : 2 pterms
        (
              !Net_2349 * Net_2348
            + Net_2349 * \I2S_1:bI2S:rx_data_in_0\
        );
        Output = \I2S_1:bI2S:rx_data_in_0\ (fanout=2)

    MacroCell: Name=\I2S_1:bI2S:rx_f0_load\, Mode=(D-Register)
        Total # of inputs        : 3
        Total # of product terms : 2
        List of special equations: 
            Clock  = (Net_2347_digital) => Global
            Clock Enable: True
        Main Equation            : 2 pterms
        (
              \I2S_1:bI2S:rx_state_2\ * !\I2S_1:bI2S:rx_state_1\ * 
              \I2S_1:bI2S:rx_state_0\
            + \I2S_1:bI2S:rx_state_1\ * !\I2S_1:bI2S:rx_state_0\
        );
        Output = \I2S_1:bI2S:rx_f0_load\ (fanout=3)

    MacroCell: Name=\I2S_1:bI2S:rx_overflow_0\, Mode=(Combinatorial)
        Total # of inputs        : 2
        Total # of product terms : 1
            Clock Enable: True
        Main Equation            : 1 pterm
        (
              \I2S_1:bI2S:rx_f0_load\ * \I2S_1:bI2S:rx_f0_full_0\
        );
        Output = \I2S_1:bI2S:rx_overflow_0\ (fanout=1)

    MacroCell: Name=\I2S_1:bI2S:rx_overflow_sticky\, Mode=(D-Register)
        Total # of inputs        : 4
        Total # of product terms : 2
        List of special equations: 
            Clock  = (Net_2347_digital) => Global
            Clock Enable: True
        Main Equation            : 2 pterms
        (
              \I2S_1:bI2S:ctrl_1\ * \I2S_1:bI2S:rx_f0_load\ * 
              \I2S_1:bI2S:rx_f0_full_0\
            + \I2S_1:bI2S:ctrl_1\ * \I2S_1:bI2S:rx_overflow_sticky\
        );
        Output = \I2S_1:bI2S:rx_overflow_sticky\ (fanout=2)

    MacroCell: Name=\I2S_1:bI2S:rx_state_0\, Mode=(D-Register)
        Total # of inputs        : 9
        Total # of product terms : 5
        List of special equations: 
            Clock  = (Net_2347_digital) => Global
            Clock Enable: True
        Main Equation            : 5 pterms
        !(
              !\I2S_1:bI2S:count_5\ * \I2S_1:bI2S:count_4\ * 
              \I2S_1:bI2S:count_3\ * \I2S_1:bI2S:count_2\ * 
              !\I2S_1:bI2S:count_1\ * !\I2S_1:bI2S:rx_state_2\ * 
              \I2S_1:bI2S:rxenable\
            + \I2S_1:bI2S:count_5\ * !\I2S_1:bI2S:count_4\ * 
              \I2S_1:bI2S:count_3\ * \I2S_1:bI2S:count_2\ * 
              !\I2S_1:bI2S:count_1\ * !\I2S_1:bI2S:rx_state_2\ * 
              \I2S_1:bI2S:rxenable\
            + !\I2S_1:bI2S:rx_state_2\ * \I2S_1:bI2S:rx_state_1\ * 
              \I2S_1:bI2S:rxenable\
            + \I2S_1:bI2S:rx_state_2\ * !\I2S_1:bI2S:rx_state_1\ * 
              \I2S_1:bI2S:rxenable\
            + \I2S_1:bI2S:rx_state_0\ * \I2S_1:bI2S:rxenable\
        );
        Output = \I2S_1:bI2S:rx_state_0\ (fanout=5)

    MacroCell: Name=\I2S_1:bI2S:rx_state_1\, Mode=(D-Register)
        Total # of inputs        : 9
        Total # of product terms : 3
        List of special equations: 
            Clock  = (Net_2347_digital) => Global
            Clock Enable: True
        Main Equation            : 3 pterms
        (
              !\I2S_1:bI2S:count_5\ * \I2S_1:bI2S:count_4\ * 
              \I2S_1:bI2S:count_3\ * \I2S_1:bI2S:count_2\ * 
              !\I2S_1:bI2S:count_1\ * !\I2S_1:bI2S:rx_state_2\ * 
              !\I2S_1:bI2S:rx_state_1\ * !\I2S_1:bI2S:rx_state_0\ * 
              \I2S_1:bI2S:rxenable\
            + \I2S_1:bI2S:count_5\ * !\I2S_1:bI2S:count_4\ * 
              \I2S_1:bI2S:count_3\ * \I2S_1:bI2S:count_2\ * 
              !\I2S_1:bI2S:count_1\ * !\I2S_1:bI2S:rx_state_2\ * 
              !\I2S_1:bI2S:rx_state_1\ * !\I2S_1:bI2S:rx_state_0\ * 
              \I2S_1:bI2S:rxenable\
            + \I2S_1:bI2S:rx_state_2\ * !\I2S_1:bI2S:rx_state_1\ * 
              \I2S_1:bI2S:rx_state_0\ * \I2S_1:bI2S:rxenable\
        );
        Output = \I2S_1:bI2S:rx_state_1\ (fanout=5)

    MacroCell: Name=\I2S_1:bI2S:rx_state_2\, Mode=(D-Register)
        Total # of inputs        : 4
        Total # of product terms : 1
        List of special equations: 
            Clock  = (Net_2347_digital) => Global
            Clock Enable: True
        Main Equation            : 1 pterm
        (
              \I2S_1:bI2S:rx_state_2\ * !\I2S_1:bI2S:rx_state_1\ * 
              \I2S_1:bI2S:rx_state_0\ * \I2S_1:bI2S:rxenable\
        );
        Output = \I2S_1:bI2S:rx_state_2\ (fanout=5)

    MacroCell: Name=\I2S_1:bI2S:rxenable\, Mode=(D-Register)
        Total # of inputs        : 10
        Total # of product terms : 7
        List of special equations: 
            Clock  = (Net_2347_digital) => Global
            Clock Enable: True
        Main Equation            : 7 pterms
        (
              \I2S_1:bI2S:ctrl_2\ * !\I2S_1:bI2S:count_6\ * 
              !\I2S_1:bI2S:rx_overflow_sticky\ * \I2S_1:bI2S:rxenable\
            + \I2S_1:bI2S:ctrl_2\ * !\I2S_1:bI2S:count_5\ * 
              !\I2S_1:bI2S:rx_overflow_sticky\ * \I2S_1:bI2S:rxenable\
            + \I2S_1:bI2S:ctrl_2\ * !\I2S_1:bI2S:count_4\ * 
              !\I2S_1:bI2S:rx_overflow_sticky\ * \I2S_1:bI2S:rxenable\
            + \I2S_1:bI2S:ctrl_2\ * !\I2S_1:bI2S:count_3\ * 
              !\I2S_1:bI2S:rx_overflow_sticky\ * \I2S_1:bI2S:rxenable\
            + \I2S_1:bI2S:ctrl_2\ * !\I2S_1:bI2S:count_2\ * 
              !\I2S_1:bI2S:rx_overflow_sticky\ * \I2S_1:bI2S:rxenable\
            + \I2S_1:bI2S:ctrl_2\ * \I2S_1:bI2S:count_1\ * 
              !\I2S_1:bI2S:rx_overflow_sticky\ * \I2S_1:bI2S:rxenable\
            + \I2S_1:bI2S:ctrl_1\ * \I2S_1:bI2S:count_6\ * 
              \I2S_1:bI2S:count_5\ * \I2S_1:bI2S:count_4\ * 
              \I2S_1:bI2S:count_3\ * \I2S_1:bI2S:count_2\ * 
              !\I2S_1:bI2S:count_1\ * !\I2S_1:bI2S:rx_overflow_sticky\
        );
        Output = \I2S_1:bI2S:rxenable\ (fanout=4)
    </CYPRESSTAG>
    <CYPRESSTAG name="Datapath listing">

    ------------------------------------------------------------
    Datapath listing
    ------------------------------------------------------------

    datapathcell: Name =\I2S_1:bI2S:Rx:CH[0]:dpRx:u0\
        PORT MAP (
            clock => Net_2347_digital ,
            cs_addr_2 => \I2S_1:bI2S:rx_state_2\ ,
            cs_addr_1 => \I2S_1:bI2S:rx_state_1\ ,
            cs_addr_0 => \I2S_1:bI2S:rx_state_0\ ,
            route_si => \I2S_1:bI2S:rx_data_in_0\ ,
            f0_load => \I2S_1:bI2S:rx_f0_load\ ,
            f0_bus_stat_comb => \I2S_1:bI2S:rx_f0_n_empty_0\ ,
            f0_blk_stat_comb => \I2S_1:bI2S:rx_f0_full_0\ );
        Properties:
        {
            a0_init = "00000000"
            a1_init = "00000000"
            ce0_sync = 1
            ce1_sync = 1
            cl0_sync = 1
            cl1_sync = 1
            cmsb_sync = 1
            co_msb_sync = 1
            cy_dpconfig = "0000000000000000000000010100000000000001010000000000000101010000000000010100000000010000011100000001000001000000000000000000000011111111000000001111111111111111001000000000001000000101000000000000000000000100"
            d0_init = "00000000"
            d1_init = "00000000"
            f0_blk_sync = 1
            f0_bus_sync = 1
            f1_blk_sync = 1
            f1_bus_sync = 1
            ff0_sync = 1
            ff1_sync = 1
            ov_msb_sync = 1
            so_sync = 1
            z0_sync = 1
            z1_sync = 1
        }
        Clock Polarity: Active High
        Clock Enable: True
    </CYPRESSTAG>
    <CYPRESSTAG name="Status register listing">
    </CYPRESSTAG>
    <CYPRESSTAG name="StatusI register listing">

    ------------------------------------------------------------
    StatusI register listing
    ------------------------------------------------------------

    statusicell: Name =\I2S_1:bI2S:Rx:STS[0]:Sts\
        PORT MAP (
            clock => Net_2347_digital ,
            status_1 => \I2S_1:bI2S:rx_f0_n_empty_0\ ,
            status_0 => \I2S_1:bI2S:rx_overflow_0\ ,
            interrupt => \I2S_1:bI2S:rx_int_out_0\ );
        Properties:
        {
            cy_force_order = 1
            cy_int_mask = "0000000"
            cy_md_select = "0000001"
        }
        Clock Polarity: Active High
        Clock Enable: True
    </CYPRESSTAG>
    <CYPRESSTAG name="Sync listing">
    </CYPRESSTAG>
    <CYPRESSTAG name="Control register listing">

    ------------------------------------------------------------
    Control register listing
    ------------------------------------------------------------

    controlcell: Name =\I2S_1:bI2S:CtlReg\
        PORT MAP (
            clock => Net_2347_digital ,
            control_7 => \I2S_1:bI2S:ctrl_7\ ,
            control_6 => \I2S_1:bI2S:ctrl_6\ ,
            control_5 => \I2S_1:bI2S:ctrl_5\ ,
            control_4 => \I2S_1:bI2S:ctrl_4\ ,
            control_3 => \I2S_1:bI2S:ctrl_3\ ,
            control_2 => \I2S_1:bI2S:ctrl_2\ ,
            control_1 => \I2S_1:bI2S:ctrl_1\ ,
            control_0 => \I2S_1:bI2S:ctrl_0\ );
        Properties:
        {
            cy_ctrl_mode_0 = "00011111"
            cy_ctrl_mode_1 = "00000000"
            cy_ext_reset = 0
            cy_force_order = 1
            cy_init_value = "00000000"
        }
        Clock Polarity: Active High
        Clock Enable: True
    </CYPRESSTAG>
    <CYPRESSTAG name="Count7 listing">

    ------------------------------------------------------------
    Count7 listing
    ------------------------------------------------------------

    count7cell: Name =\I2S_1:bI2S:BitCounter\
        PORT MAP (
            clock => Net_2347_digital ,
            enable => \I2S_1:bI2S:ctrl_2\ ,
            count_6 => \I2S_1:bI2S:count_6\ ,
            count_5 => \I2S_1:bI2S:count_5\ ,
            count_4 => \I2S_1:bI2S:count_4\ ,
            count_3 => \I2S_1:bI2S:count_3\ ,
            count_2 => \I2S_1:bI2S:count_2\ ,
            count_1 => \I2S_1:bI2S:count_1\ ,
            count_0 => Net_2349 );
        Properties:
        {
            cy_alt_mode = 0
            cy_init_value = "0000000"
            cy_period = "1111111"
            cy_route_en = 1
            cy_route_ld = 0
        }
        Clock Polarity: Active High
        Clock Enable: True
    </CYPRESSTAG>
    <CYPRESSTAG name="DRQ listing">
    </CYPRESSTAG>
    <CYPRESSTAG name="Interrupt listing">

    ------------------------------------------------------------
    Interrupt listing
    ------------------------------------------------------------

    interrupt: Name =\BLE_1:bless_isr\
        PORT MAP (
            interrupt => \BLE_1:Net_15\ );
        Properties:
        {
            int_type = "10"
        }
    </CYPRESSTAG>
</CYPRESSTAG>
<CYPRESSTAG name="Technology mapping summary" expanded>

------------------------------------------------------------
Technology mapping summary
------------------------------------------------------------

Resource Type                 : Used : Free :  Max :  % Used
============================================================
Digital clock dividers        :    1 :    3 :    4 :  25.00%
Pins                          :   20 :   18 :   38 :  52.63%
UDB Macrocells                :   10 :   22 :   32 :  31.25%
UDB Unique Pterms             :   24 :   40 :   64 :  37.50%
UDB Total Pterms              :   25 :      :      : 
UDB Datapath Cells            :    1 :    3 :    4 :  25.00%
UDB Status Cells              :    2 :    2 :    4 :  50.00%
            StatusI Registers :    1 
    Routed Count7 Load/Enable :    1 
UDB Control Cells             :    2 :    2 :    4 :  50.00%
            Control Registers :    1 
                 Count7 Cells :    1 
Interrupts                    :    1 :   31 :   32 :   3.13%
SAR Fixed Blocks              :    0 :    1 :    1 :   0.00%
CSD Fixed Blocks              :    0 :    1 :    1 :   0.00%
CapSense Blocks               :    0 :    1 :    1 :   0.00%
8-bit CapSense IDACs          :    0 :    1 :    1 :   0.00%
7-bit CapSense IDACs          :    0 :    1 :    1 :   0.00%
Temperature Sensors           :    0 :    1 :    1 :   0.00%
TCPWM Blocks                  :    1 :    3 :    4 :  25.00%
Serial Communication Blocks   :    1 :    1 :    2 :  50.00%
Segment LCD Blocks            :    0 :    1 :    1 :   0.00%
Bluetooth Low Energy Blocks   :    1 :    0 :    1 : 100.00%
</CYPRESSTAG>
Technology Mapping: Elapsed time ==> 1s.005ms
Tech mapping phase: Elapsed time ==> 1s.145ms
</CYPRESSTAG>
<CYPRESSTAG name="Analog Placement">
<CYPRESSTAG name="Analog Placement">
Elapsed time ==> 0.0199436s
</CYPRESSTAG>
Analog Placement phase: Elapsed time ==> 0s.058ms
</CYPRESSTAG>
<CYPRESSTAG name="Analog Routing">
<CYPRESSTAG name="Analog Routing">
Route success=True, Iterations=1 Elapsed=0.0025584 secs
</CYPRESSTAG>
Analog Routing phase: Elapsed time ==> 0s.004ms
</CYPRESSTAG>
<CYPRESSTAG name="Analog Code Generation">
============ Analog Final Answer Routes ============
Dump of CyAnalogRoutingResultsDB
Map of net to items {
}
Map of item to net {
}
Mux Info {
}
Analog Code Generation phase: Elapsed time ==> 0s.213ms
</CYPRESSTAG>
<CYPRESSTAG name="Digital Placement">
<CYPRESSTAG name="Detailed placement messages">
I2076: Total run-time: 4.7 sec.

</CYPRESSTAG>
<CYPRESSTAG name="PLD Packing">
<CYPRESSTAG name="PLD Packing Summary" expanded>

------------------------------------------------------------
PLD Packing Summary
------------------------------------------------------------
            Resource Type : Used : Free :  Max :  % Used
    ====================================================
                     PLDs :    4 :    4 :    8 :  50.00%

<CYPRESSTAG name="PLD Statistics">

        PLD Resource Type :     Average/LAB
    =======================================
                   Inputs :            7.75
                   Pterms :            6.00
               Macrocells :            2.50
</CYPRESSTAG>
<CYPRESSTAG name="Packed PLD Contents">
Packed PLD Contents not displayed at this verbose level.</CYPRESSTAG>
</CYPRESSTAG>
PLD Packing: Elapsed time ==> 0s.002ms
</CYPRESSTAG>
<CYPRESSTAG name="Partitioning">
<CYPRESSTAG name="Initial Partitioning Summary">
Initial Partitioning Summary not displayed at this verbose level.</CYPRESSTAG>
<CYPRESSTAG name="Final Partitioning Summary">
Final Partitioning Summary not displayed at this verbose level.</CYPRESSTAG>
Partitioning: Elapsed time ==> 0s.056ms
</CYPRESSTAG>
<CYPRESSTAG name="Simulated Annealing">
Annealing: Elapsed time ==> 0s.003ms
<CYPRESSTAG name="Simulated Annealing Results">
The seed used for moves was 114161200.
Inital cost was 87, final cost is 87 (0.00% improvement).</CYPRESSTAG>
</CYPRESSTAG>
<CYPRESSTAG name="Final Placement Summary">

------------------------------------------------------------
Final Placement Summary
------------------------------------------------------------

       Resource Type :      Count : Avg Inputs : Avg Outputs
    ========================================================
                 UDB :          2 :      12.50 :       5.00
<CYPRESSTAG name="Final Placement Details">
<CYPRESSTAG name="Component Details">

------------------------------------------------------------
Component Placement Details
------------------------------------------------------------
UDB [UDB=(0,0)] contents:
LAB@[UDB=(0,0)][LB=0] #macrocells=2, #inputs=10, #pterms=8
{
    [McSlotId=0]:     MacroCell: Name=\I2S_1:bI2S:rxenable\, Mode=(D-Register) @ [UDB=(0,0)][LB=0][MC=0]
        Total # of inputs        : 10
        Total # of product terms : 7
        List of special equations: 
            Clock  = (Net_2347_digital) => Global
            Clock Enable: True
        Main Equation            : 7 pterms
        (
              \I2S_1:bI2S:ctrl_2\ * !\I2S_1:bI2S:count_6\ * 
              !\I2S_1:bI2S:rx_overflow_sticky\ * \I2S_1:bI2S:rxenable\
            + \I2S_1:bI2S:ctrl_2\ * !\I2S_1:bI2S:count_5\ * 
              !\I2S_1:bI2S:rx_overflow_sticky\ * \I2S_1:bI2S:rxenable\
            + \I2S_1:bI2S:ctrl_2\ * !\I2S_1:bI2S:count_4\ * 
              !\I2S_1:bI2S:rx_overflow_sticky\ * \I2S_1:bI2S:rxenable\
            + \I2S_1:bI2S:ctrl_2\ * !\I2S_1:bI2S:count_3\ * 
              !\I2S_1:bI2S:rx_overflow_sticky\ * \I2S_1:bI2S:rxenable\
            + \I2S_1:bI2S:ctrl_2\ * !\I2S_1:bI2S:count_2\ * 
              !\I2S_1:bI2S:rx_overflow_sticky\ * \I2S_1:bI2S:rxenable\
            + \I2S_1:bI2S:ctrl_2\ * \I2S_1:bI2S:count_1\ * 
              !\I2S_1:bI2S:rx_overflow_sticky\ * \I2S_1:bI2S:rxenable\
            + \I2S_1:bI2S:ctrl_1\ * \I2S_1:bI2S:count_6\ * 
              \I2S_1:bI2S:count_5\ * \I2S_1:bI2S:count_4\ * 
              \I2S_1:bI2S:count_3\ * \I2S_1:bI2S:count_2\ * 
              !\I2S_1:bI2S:count_1\ * !\I2S_1:bI2S:rx_overflow_sticky\
        );
        Output = \I2S_1:bI2S:rxenable\ (fanout=4)
        Properties               : 
        {
        }

    [McSlotId=1]:     MacroCell: Name=\I2S_1:bI2S:reset\, Mode=(D-Register) @ [UDB=(0,0)][LB=0][MC=1]
        Total # of inputs        : 1
        Total # of product terms : 1
        List of special equations: 
            Clock  = (Net_2347_digital) => Global
            Clock Enable: True
        Main Equation            : 1 pterm
        (
              !\I2S_1:bI2S:ctrl_2\
        );
        Output = \I2S_1:bI2S:reset\ (fanout=1)
        Properties               : 
        {
        }

    [McSlotId=2]: (empty)
    [McSlotId=3]: (empty)
}

LAB@[UDB=(0,0)][LB=1] #macrocells=3, #inputs=9, #pterms=8
{
    [McSlotId=0]:     MacroCell: Name=\I2S_1:bI2S:rx_state_0\, Mode=(D-Register) @ [UDB=(0,0)][LB=1][MC=0]
        Total # of inputs        : 9
        Total # of product terms : 5
        List of special equations: 
            Clock  = (Net_2347_digital) => Global
            Clock Enable: True
        Main Equation            : 5 pterms
        !(
              !\I2S_1:bI2S:count_5\ * \I2S_1:bI2S:count_4\ * 
              \I2S_1:bI2S:count_3\ * \I2S_1:bI2S:count_2\ * 
              !\I2S_1:bI2S:count_1\ * !\I2S_1:bI2S:rx_state_2\ * 
              \I2S_1:bI2S:rxenable\
            + \I2S_1:bI2S:count_5\ * !\I2S_1:bI2S:count_4\ * 
              \I2S_1:bI2S:count_3\ * \I2S_1:bI2S:count_2\ * 
              !\I2S_1:bI2S:count_1\ * !\I2S_1:bI2S:rx_state_2\ * 
              \I2S_1:bI2S:rxenable\
            + !\I2S_1:bI2S:rx_state_2\ * \I2S_1:bI2S:rx_state_1\ * 
              \I2S_1:bI2S:rxenable\
            + \I2S_1:bI2S:rx_state_2\ * !\I2S_1:bI2S:rx_state_1\ * 
              \I2S_1:bI2S:rxenable\
            + \I2S_1:bI2S:rx_state_0\ * \I2S_1:bI2S:rxenable\
        );
        Output = \I2S_1:bI2S:rx_state_0\ (fanout=5)
        Properties               : 
        {
        }

    [McSlotId=1]:     MacroCell: Name=\I2S_1:bI2S:rx_state_1\, Mode=(D-Register) @ [UDB=(0,0)][LB=1][MC=1]
        Total # of inputs        : 9
        Total # of product terms : 3
        List of special equations: 
            Clock  = (Net_2347_digital) => Global
            Clock Enable: True
        Main Equation            : 3 pterms
        (
              !\I2S_1:bI2S:count_5\ * \I2S_1:bI2S:count_4\ * 
              \I2S_1:bI2S:count_3\ * \I2S_1:bI2S:count_2\ * 
              !\I2S_1:bI2S:count_1\ * !\I2S_1:bI2S:rx_state_2\ * 
              !\I2S_1:bI2S:rx_state_1\ * !\I2S_1:bI2S:rx_state_0\ * 
              \I2S_1:bI2S:rxenable\
            + \I2S_1:bI2S:count_5\ * !\I2S_1:bI2S:count_4\ * 
              \I2S_1:bI2S:count_3\ * \I2S_1:bI2S:count_2\ * 
              !\I2S_1:bI2S:count_1\ * !\I2S_1:bI2S:rx_state_2\ * 
              !\I2S_1:bI2S:rx_state_1\ * !\I2S_1:bI2S:rx_state_0\ * 
              \I2S_1:bI2S:rxenable\
            + \I2S_1:bI2S:rx_state_2\ * !\I2S_1:bI2S:rx_state_1\ * 
              \I2S_1:bI2S:rx_state_0\ * \I2S_1:bI2S:rxenable\
        );
        Output = \I2S_1:bI2S:rx_state_1\ (fanout=5)
        Properties               : 
        {
        }

    [McSlotId=2]:     MacroCell: Name=\I2S_1:bI2S:rx_state_2\, Mode=(D-Register) @ [UDB=(0,0)][LB=1][MC=2]
        Total # of inputs        : 4
        Total # of product terms : 1
        List of special equations: 
            Clock  = (Net_2347_digital) => Global
            Clock Enable: True
        Main Equation            : 1 pterm
        (
              \I2S_1:bI2S:rx_state_2\ * !\I2S_1:bI2S:rx_state_1\ * 
              \I2S_1:bI2S:rx_state_0\ * \I2S_1:bI2S:rxenable\
        );
        Output = \I2S_1:bI2S:rx_state_2\ (fanout=5)
        Properties               : 
        {
        }

    [McSlotId=3]: (empty)
}

count7cell: Name =\I2S_1:bI2S:BitCounter\
    PORT MAP (
        clock => Net_2347_digital ,
        enable => \I2S_1:bI2S:ctrl_2\ ,
        count_6 => \I2S_1:bI2S:count_6\ ,
        count_5 => \I2S_1:bI2S:count_5\ ,
        count_4 => \I2S_1:bI2S:count_4\ ,
        count_3 => \I2S_1:bI2S:count_3\ ,
        count_2 => \I2S_1:bI2S:count_2\ ,
        count_1 => \I2S_1:bI2S:count_1\ ,
        count_0 => Net_2349 );
    Properties:
    {
        cy_alt_mode = 0
        cy_init_value = "0000000"
        cy_period = "1111111"
        cy_route_en = 1
        cy_route_ld = 0
    }
    Clock Polarity: Active High
    Clock Enable: True

UDB [UDB=(0,1)] is empty.
UDB [UDB=(1,0)] contents:
LAB@[UDB=(1,0)][LB=0] #macrocells=4, #inputs=10, #pterms=7
{
    [McSlotId=0]:     MacroCell: Name=\I2S_1:bI2S:rx_overflow_sticky\, Mode=(D-Register) @ [UDB=(1,0)][LB=0][MC=0]
        Total # of inputs        : 4
        Total # of product terms : 2
        List of special equations: 
            Clock  = (Net_2347_digital) => Global
            Clock Enable: True
        Main Equation            : 2 pterms
        (
              \I2S_1:bI2S:ctrl_1\ * \I2S_1:bI2S:rx_f0_load\ * 
              \I2S_1:bI2S:rx_f0_full_0\
            + \I2S_1:bI2S:ctrl_1\ * \I2S_1:bI2S:rx_overflow_sticky\
        );
        Output = \I2S_1:bI2S:rx_overflow_sticky\ (fanout=2)
        Properties               : 
        {
        }

    [McSlotId=1]:     MacroCell: Name=\I2S_1:bI2S:rx_overflow_0\, Mode=(Combinatorial) @ [UDB=(1,0)][LB=0][MC=1]
        Total # of inputs        : 2
        Total # of product terms : 1
            Clock Enable: True
        Main Equation            : 1 pterm
        (
              \I2S_1:bI2S:rx_f0_load\ * \I2S_1:bI2S:rx_f0_full_0\
        );
        Output = \I2S_1:bI2S:rx_overflow_0\ (fanout=1)
        Properties               : 
        {
        }

    [McSlotId=2]:     MacroCell: Name=\I2S_1:bI2S:rx_f0_load\, Mode=(D-Register) @ [UDB=(1,0)][LB=0][MC=2]
        Total # of inputs        : 3
        Total # of product terms : 2
        List of special equations: 
            Clock  = (Net_2347_digital) => Global
            Clock Enable: True
        Main Equation            : 2 pterms
        (
              \I2S_1:bI2S:rx_state_2\ * !\I2S_1:bI2S:rx_state_1\ * 
              \I2S_1:bI2S:rx_state_0\
            + \I2S_1:bI2S:rx_state_1\ * !\I2S_1:bI2S:rx_state_0\
        );
        Output = \I2S_1:bI2S:rx_f0_load\ (fanout=3)
        Properties               : 
        {
        }

    [McSlotId=3]:     MacroCell: Name=\I2S_1:bI2S:rx_data_in_0\, Mode=(D-Register) @ [UDB=(1,0)][LB=0][MC=3]
        Total # of inputs        : 3
        Total # of product terms : 2
        List of special equations: 
            Clock  = (Net_2347_digital) => Global
            Clock Enable: True
        Main Equation            : 2 pterms
        (
              !Net_2349 * Net_2348
            + Net_2349 * \I2S_1:bI2S:rx_data_in_0\
        );
        Output = \I2S_1:bI2S:rx_data_in_0\ (fanout=2)
        Properties               : 
        {
        }
}

LAB@[UDB=(1,0)][LB=1] #macrocells=1, #inputs=2, #pterms=1
{
    [McSlotId=0]:     MacroCell: Name=Net_2350, Mode=(D-Register) @ [UDB=(1,0)][LB=1][MC=0]
        Total # of inputs        : 2
        Total # of product terms : 1
        List of special equations: 
            Clock  = (Net_2347_digital) => Global
            Clock Enable: True
        Main Equation            : 1 pterm
        (
              !\I2S_1:bI2S:reset\ * !\I2S_1:bI2S:count_6\
        );
        Output = Net_2350 (fanout=1)
        Properties               : 
        {
        }

    [McSlotId=1]: (empty)
    [McSlotId=2]: (empty)
    [McSlotId=3]: (empty)
}

datapathcell: Name =\I2S_1:bI2S:Rx:CH[0]:dpRx:u0\
    PORT MAP (
        clock => Net_2347_digital ,
        cs_addr_2 => \I2S_1:bI2S:rx_state_2\ ,
        cs_addr_1 => \I2S_1:bI2S:rx_state_1\ ,
        cs_addr_0 => \I2S_1:bI2S:rx_state_0\ ,
        route_si => \I2S_1:bI2S:rx_data_in_0\ ,
        f0_load => \I2S_1:bI2S:rx_f0_load\ ,
        f0_bus_stat_comb => \I2S_1:bI2S:rx_f0_n_empty_0\ ,
        f0_blk_stat_comb => \I2S_1:bI2S:rx_f0_full_0\ );
    Properties:
    {
        a0_init = "00000000"
        a1_init = "00000000"
        ce0_sync = 1
        ce1_sync = 1
        cl0_sync = 1
        cl1_sync = 1
        cmsb_sync = 1
        co_msb_sync = 1
        cy_dpconfig = "0000000000000000000000010100000000000001010000000000000101010000000000010100000000010000011100000001000001000000000000000000000011111111000000001111111111111111001000000000001000000101000000000000000000000100"
        d0_init = "00000000"
        d1_init = "00000000"
        f0_blk_sync = 1
        f0_bus_sync = 1
        f1_blk_sync = 1
        f1_bus_sync = 1
        ff0_sync = 1
        ff1_sync = 1
        ov_msb_sync = 1
        so_sync = 1
        z0_sync = 1
        z1_sync = 1
    }
    Clock Polarity: Active High
    Clock Enable: True

statusicell: Name =\I2S_1:bI2S:Rx:STS[0]:Sts\
    PORT MAP (
        clock => Net_2347_digital ,
        status_1 => \I2S_1:bI2S:rx_f0_n_empty_0\ ,
        status_0 => \I2S_1:bI2S:rx_overflow_0\ ,
        interrupt => \I2S_1:bI2S:rx_int_out_0\ );
    Properties:
    {
        cy_force_order = 1
        cy_int_mask = "0000000"
        cy_md_select = "0000001"
    }
    Clock Polarity: Active High
    Clock Enable: True

controlcell: Name =\I2S_1:bI2S:CtlReg\
    PORT MAP (
        clock => Net_2347_digital ,
        control_7 => \I2S_1:bI2S:ctrl_7\ ,
        control_6 => \I2S_1:bI2S:ctrl_6\ ,
        control_5 => \I2S_1:bI2S:ctrl_5\ ,
        control_4 => \I2S_1:bI2S:ctrl_4\ ,
        control_3 => \I2S_1:bI2S:ctrl_3\ ,
        control_2 => \I2S_1:bI2S:ctrl_2\ ,
        control_1 => \I2S_1:bI2S:ctrl_1\ ,
        control_0 => \I2S_1:bI2S:ctrl_0\ );
    Properties:
    {
        cy_ctrl_mode_0 = "00011111"
        cy_ctrl_mode_1 = "00000000"
        cy_ext_reset = 0
        cy_force_order = 1
        cy_init_value = "00000000"
    }
    Clock Polarity: Active High
    Clock Enable: True

UDB [UDB=(1,1)] is empty.
Intr hod @ [IntrHod=(0)]: 
  Intr@ [IntrHod=(0)][IntrId=(12)] 
    interrupt: Name =\BLE_1:bless_isr\
        PORT MAP (
            interrupt => \BLE_1:Net_15\ );
        Properties:
        {
            int_type = "10"
        }
Port 0 contains the following IO cells:
[IoId=0]: 
Pin : Name = SW5(0)
    Attributes:
        In Group/Port: True
        In Sync Option: SYNC
        Out Sync Option: AUTO
        Interrupt generated: False
        Interrupt mode: NONE
        Drive mode: RES_PULL_UP
        VTrip: CMOS
        Slew: FAST
        Input Sync needed: True
        Output Sync needed: False
        SC shield enabled: False
        POR State: ANY
        LCD Mode: COMMON
        Register Mode: RegComb
        CaSense Mode: NEITHER
        Treat as pin: True
        Is OE Registered: False
        Uses Analog: False
        Can contain Digital: True
        Is SIO: False
        SIO Output Buf: NONREGULATED
        SIO Input Buf: SINGLE_ENDED
        SIO HiFreq: LOW
        SIO Hyst: DISABLED
        SIO Vtrip: MULTIPLIER_0_5
        SIO RefSel: VCC_IO
        Required Capabilitites: DIGITAL, ROUTABLE
        Initial Value: 1
        IO Voltage: 0
    PORT MAP (
        pa_out => SW5(0)__PA ,
        annotation => Net_2257 ,
        pad => SW5(0)_PAD );
    Properties:
    {
    }

[IoId=1]: 
Pin : Name = SW4(0)
    Attributes:
        In Group/Port: True
        In Sync Option: SYNC
        Out Sync Option: AUTO
        Interrupt generated: False
        Interrupt mode: NONE
        Drive mode: RES_PULL_UP
        VTrip: CMOS
        Slew: FAST
        Input Sync needed: True
        Output Sync needed: False
        SC shield enabled: False
        POR State: ANY
        LCD Mode: COMMON
        Register Mode: RegComb
        CaSense Mode: NEITHER
        Treat as pin: True
        Is OE Registered: False
        Uses Analog: False
        Can contain Digital: True
        Is SIO: False
        SIO Output Buf: NONREGULATED
        SIO Input Buf: SINGLE_ENDED
        SIO HiFreq: LOW
        SIO Hyst: DISABLED
        SIO Vtrip: MULTIPLIER_0_5
        SIO RefSel: VCC_IO
        Required Capabilitites: DIGITAL, ROUTABLE
        Initial Value: 1
        IO Voltage: 0
    PORT MAP (
        pa_out => SW4(0)__PA ,
        annotation => Net_2253 ,
        pad => SW4(0)_PAD );
    Properties:
    {
    }

[IoId=2]: 
Pin : Name = SW3(0)
    Attributes:
        In Group/Port: True
        In Sync Option: SYNC
        Out Sync Option: AUTO
        Interrupt generated: False
        Interrupt mode: NONE
        Drive mode: RES_PULL_UP
        VTrip: CMOS
        Slew: FAST
        Input Sync needed: True
        Output Sync needed: False
        SC shield enabled: False
        POR State: ANY
        LCD Mode: COMMON
        Register Mode: RegComb
        CaSense Mode: NEITHER
        Treat as pin: True
        Is OE Registered: False
        Uses Analog: False
        Can contain Digital: True
        Is SIO: False
        SIO Output Buf: NONREGULATED
        SIO Input Buf: SINGLE_ENDED
        SIO HiFreq: LOW
        SIO Hyst: DISABLED
        SIO Vtrip: MULTIPLIER_0_5
        SIO RefSel: VCC_IO
        Required Capabilitites: DIGITAL, ROUTABLE
        Initial Value: 1
        IO Voltage: 0
    PORT MAP (
        pa_out => SW3(0)__PA ,
        annotation => Net_2255 ,
        pad => SW3(0)_PAD );
    Properties:
    {
    }

[IoId=3]: 
Pin : Name = SW2(0)
    Attributes:
        In Group/Port: True
        In Sync Option: SYNC
        Out Sync Option: AUTO
        Interrupt generated: False
        Interrupt mode: NONE
        Drive mode: RES_PULL_UP
        VTrip: CMOS
        Slew: FAST
        Input Sync needed: True
        Output Sync needed: False
        SC shield enabled: False
        POR State: ANY
        LCD Mode: COMMON
        Register Mode: RegComb
        CaSense Mode: NEITHER
        Treat as pin: True
        Is OE Registered: False
        Uses Analog: False
        Can contain Digital: True
        Is SIO: False
        SIO Output Buf: NONREGULATED
        SIO Input Buf: SINGLE_ENDED
        SIO HiFreq: LOW
        SIO Hyst: DISABLED
        SIO Vtrip: MULTIPLIER_0_5
        SIO RefSel: VCC_IO
        Required Capabilitites: DIGITAL, ROUTABLE
        Initial Value: 1
        IO Voltage: 0
    PORT MAP (
        pa_out => SW2(0)__PA ,
        annotation => Net_2259 ,
        pad => SW2(0)_PAD );
    Properties:
    {
    }

[IoId=4]: 
Pin : Name = \SCB_1:mosi_m(0)\
    Attributes:
        In Group/Port: True
        In Sync Option: NOSYNC
        Out Sync Option: NOSYNC
        Interrupt generated: False
        Interrupt mode: NONE
        Drive mode: CMOS_OUT
        VTrip: CMOS
        Slew: FAST
        Input Sync needed: False
        Output Sync needed: False
        SC shield enabled: False
        POR State: ANY
        LCD Mode: COMMON
        Register Mode: RegComb
        CaSense Mode: NEITHER
        Treat as pin: True
        Is OE Registered: False
        Uses Analog: False
        Can contain Digital: True
        Is SIO: False
        SIO Output Buf: NONREGULATED
        SIO Input Buf: SINGLE_ENDED
        SIO HiFreq: LOW
        SIO Hyst: DISABLED
        SIO Vtrip: MULTIPLIER_0_5
        SIO RefSel: VCC_IO
        Required Capabilitites: DIGITAL, SPI_MOSI
        Initial Value: 1
        IO Voltage: 0
    PORT MAP (
        pa_out => \SCB_1:mosi_m(0)\__PA ,
        input => \SCB_1:Net_660\ ,
        pad => \SCB_1:mosi_m(0)_PAD\ );
    Properties:
    {
    }

[IoId=5]: 
Pin : Name = \SCB_1:miso_m(0)\
    Attributes:
        In Group/Port: True
        In Sync Option: NOSYNC
        Out Sync Option: AUTO
        Interrupt generated: False
        Interrupt mode: NONE
        Drive mode: HI_Z_DIGITAL
        VTrip: CMOS
        Slew: FAST
        Input Sync needed: False
        Output Sync needed: False
        SC shield enabled: False
        POR State: ANY
        LCD Mode: COMMON
        Register Mode: RegComb
        CaSense Mode: NEITHER
        Treat as pin: True
        Is OE Registered: False
        Uses Analog: False
        Can contain Digital: True
        Is SIO: False
        SIO Output Buf: NONREGULATED
        SIO Input Buf: SINGLE_ENDED
        SIO HiFreq: LOW
        SIO Hyst: DISABLED
        SIO Vtrip: MULTIPLIER_0_5
        SIO RefSel: VCC_IO
        Required Capabilitites: DIGITAL, SPI_MISO
        Initial Value: 0
        IO Voltage: 0
    PORT MAP (
        pa_out => \SCB_1:miso_m(0)\__PA ,
        fb => \SCB_1:Net_663\ ,
        pad => \SCB_1:miso_m(0)_PAD\ );
    Properties:
    {
    }

Port 1 contains the following IO cells:
[IoId=0]: 
Pin : Name = WS(0)
    Attributes:
        In Group/Port: True
        In Sync Option: AUTO
        Out Sync Option: NOSYNC
        Interrupt generated: False
        Interrupt mode: NONE
        Drive mode: CMOS_OUT
        VTrip: EITHER
        Slew: FAST
        Input Sync needed: False
        Output Sync needed: False
        SC shield enabled: False
        POR State: ANY
        LCD Mode: COMMON
        Register Mode: RegComb
        CaSense Mode: NEITHER
        Treat as pin: True
        Is OE Registered: False
        Uses Analog: False
        Can contain Digital: True
        Is SIO: False
        SIO Output Buf: NONREGULATED
        SIO Input Buf: SINGLE_ENDED
        SIO HiFreq: LOW
        SIO Hyst: DISABLED
        SIO Vtrip: MULTIPLIER_0_5
        SIO RefSel: VCC_IO
        Required Capabilitites: DIGITAL, ROUTABLE
        Initial Value: 1
        IO Voltage: 0
    PORT MAP (
        pa_out => WS(0)__PA ,
        input => Net_2350 ,
        pad => WS(0)_PAD );
    Properties:
    {
    }

[IoId=1]: 
Pin : Name = SW1(0)
    Attributes:
        In Group/Port: True
        In Sync Option: SYNC
        Out Sync Option: AUTO
        Interrupt generated: False
        Interrupt mode: NONE
        Drive mode: RES_PULL_UP
        VTrip: CMOS
        Slew: FAST
        Input Sync needed: True
        Output Sync needed: False
        SC shield enabled: False
        POR State: ANY
        LCD Mode: COMMON
        Register Mode: RegComb
        CaSense Mode: NEITHER
        Treat as pin: True
        Is OE Registered: False
        Uses Analog: False
        Can contain Digital: True
        Is SIO: False
        SIO Output Buf: NONREGULATED
        SIO Input Buf: SINGLE_ENDED
        SIO HiFreq: LOW
        SIO Hyst: DISABLED
        SIO Vtrip: MULTIPLIER_0_5
        SIO RefSel: VCC_IO
        Required Capabilitites: DIGITAL, ROUTABLE
        Initial Value: 1
        IO Voltage: 0
    PORT MAP (
        pa_out => SW1(0)__PA ,
        annotation => Net_2260 ,
        pad => SW1(0)_PAD );
    Properties:
    {
    }

[IoId=2]: 
Pin : Name = SDI(0)
    Attributes:
        In Group/Port: True
        In Sync Option: NOSYNC
        Out Sync Option: AUTO
        Interrupt generated: False
        Interrupt mode: NONE
        Drive mode: HI_Z_DIGITAL
        VTrip: CMOS
        Slew: FAST
        Input Sync needed: False
        Output Sync needed: False
        SC shield enabled: False
        POR State: ANY
        LCD Mode: COMMON
        Register Mode: RegComb
        CaSense Mode: NEITHER
        Treat as pin: True
        Is OE Registered: False
        Uses Analog: False
        Can contain Digital: True
        Is SIO: False
        SIO Output Buf: NONREGULATED
        SIO Input Buf: SINGLE_ENDED
        SIO HiFreq: LOW
        SIO Hyst: DISABLED
        SIO Vtrip: MULTIPLIER_0_5
        SIO RefSel: VCC_IO
        Required Capabilitites: DIGITAL, ROUTABLE
        Initial Value: 0
        IO Voltage: 0
    PORT MAP (
        pa_out => SDI(0)__PA ,
        fb => Net_2348 ,
        pad => SDI(0)_PAD );
    Properties:
    {
    }

[IoId=3]: 
Pin : Name = SCK(0)
    Attributes:
        In Group/Port: True
        In Sync Option: AUTO
        Out Sync Option: NOSYNC
        Interrupt generated: False
        Interrupt mode: NONE
        Drive mode: CMOS_OUT
        VTrip: EITHER
        Slew: FAST
        Input Sync needed: False
        Output Sync needed: False
        SC shield enabled: False
        POR State: ANY
        LCD Mode: COMMON
        Register Mode: RegComb
        CaSense Mode: NEITHER
        Treat as pin: True
        Is OE Registered: False
        Uses Analog: False
        Can contain Digital: True
        Is SIO: False
        SIO Output Buf: NONREGULATED
        SIO Input Buf: SINGLE_ENDED
        SIO HiFreq: LOW
        SIO Hyst: DISABLED
        SIO Vtrip: MULTIPLIER_0_5
        SIO RefSel: VCC_IO
        Required Capabilitites: DIGITAL, ROUTABLE
        Initial Value: 1
        IO Voltage: 0
    PORT MAP (
        pa_out => SCK(0)__PA ,
        input => Net_2349 ,
        pad => SCK(0)_PAD );
    Properties:
    {
    }

[IoId=4]: 
Pin : Name = LED_1(0)
    Attributes:
        In Group/Port: True
        In Sync Option: AUTO
        Out Sync Option: NOSYNC
        Interrupt generated: False
        Interrupt mode: NONE
        Drive mode: OPEN_DRAIN_LO
        VTrip: EITHER
        Slew: FAST
        Input Sync needed: False
        Output Sync needed: False
        SC shield enabled: False
        POR State: ANY
        LCD Mode: COMMON
        Register Mode: RegComb
        CaSense Mode: NEITHER
        Treat as pin: True
        Is OE Registered: False
        Uses Analog: False
        Can contain Digital: True
        Is SIO: False
        SIO Output Buf: NONREGULATED
        SIO Input Buf: SINGLE_ENDED
        SIO HiFreq: LOW
        SIO Hyst: DISABLED
        SIO Vtrip: MULTIPLIER_0_5
        SIO RefSel: VCC_IO
        Required Capabilitites: DIGITAL
        Initial Value: 1
        IO Voltage: 0
    PORT MAP (
        pa_out => LED_1(0)__PA ,
        annotation => Net_2298 ,
        pad => LED_1(0)_PAD );
    Properties:
    {
    }

[IoId=5]: 
Pin : Name = LED_2(0)
    Attributes:
        In Group/Port: True
        In Sync Option: AUTO
        Out Sync Option: NOSYNC
        Interrupt generated: False
        Interrupt mode: NONE
        Drive mode: OPEN_DRAIN_LO
        VTrip: EITHER
        Slew: FAST
        Input Sync needed: False
        Output Sync needed: False
        SC shield enabled: False
        POR State: ANY
        LCD Mode: COMMON
        Register Mode: RegComb
        CaSense Mode: NEITHER
        Treat as pin: True
        Is OE Registered: False
        Uses Analog: False
        Can contain Digital: True
        Is SIO: False
        SIO Output Buf: NONREGULATED
        SIO Input Buf: SINGLE_ENDED
        SIO HiFreq: LOW
        SIO Hyst: DISABLED
        SIO Vtrip: MULTIPLIER_0_5
        SIO RefSel: VCC_IO
        Required Capabilitites: DIGITAL
        Initial Value: 1
        IO Voltage: 0
    PORT MAP (
        pa_out => LED_2(0)__PA ,
        annotation => Net_2335 ,
        pad => LED_2(0)_PAD );
    Properties:
    {
    }

[IoId=6]: 
Pin : Name = \SCB_1:ss0_m(0)\
    Attributes:
        In Group/Port: True
        In Sync Option: NOSYNC
        Out Sync Option: NOSYNC
        Interrupt generated: False
        Interrupt mode: NONE
        Drive mode: CMOS_OUT
        VTrip: CMOS
        Slew: FAST
        Input Sync needed: False
        Output Sync needed: False
        SC shield enabled: False
        POR State: ANY
        LCD Mode: COMMON
        Register Mode: RegComb
        CaSense Mode: NEITHER
        Treat as pin: True
        Is OE Registered: False
        Uses Analog: False
        Can contain Digital: True
        Is SIO: False
        SIO Output Buf: NONREGULATED
        SIO Input Buf: SINGLE_ENDED
        SIO HiFreq: LOW
        SIO Hyst: DISABLED
        SIO Vtrip: MULTIPLIER_0_5
        SIO RefSel: VCC_IO
        Required Capabilitites: DIGITAL, SPI_SS
        Initial Value: 1
        IO Voltage: 0
    PORT MAP (
        pa_out => \SCB_1:ss0_m(0)\__PA ,
        input => \SCB_1:ss_0\ ,
        pad => \SCB_1:ss0_m(0)_PAD\ );
    Properties:
    {
    }

[IoId=7]: 
Pin : Name = \SCB_1:sclk_m(0)\
    Attributes:
        In Group/Port: True
        In Sync Option: NOSYNC
        Out Sync Option: NOSYNC
        Interrupt generated: False
        Interrupt mode: NONE
        Drive mode: CMOS_OUT
        VTrip: CMOS
        Slew: FAST
        Input Sync needed: False
        Output Sync needed: False
        SC shield enabled: False
        POR State: ANY
        LCD Mode: COMMON
        Register Mode: RegComb
        CaSense Mode: NEITHER
        Treat as pin: True
        Is OE Registered: False
        Uses Analog: False
        Can contain Digital: True
        Is SIO: False
        SIO Output Buf: NONREGULATED
        SIO Input Buf: SINGLE_ENDED
        SIO HiFreq: LOW
        SIO Hyst: DISABLED
        SIO Vtrip: MULTIPLIER_0_5
        SIO RefSel: VCC_IO
        Required Capabilitites: DIGITAL, SPI_SCLK
        Initial Value: 1
        IO Voltage: 0
    PORT MAP (
        pa_out => \SCB_1:sclk_m(0)\__PA ,
        input => \SCB_1:Net_687\ ,
        pad => \SCB_1:sclk_m(0)_PAD\ );
    Properties:
    {
    }

Port 2 is empty
Port 3 contains the following IO cells:
[IoId=6]: 
Pin : Name = ADC_In(0)
    Attributes:
        In Group/Port: True
        In Sync Option: AUTO
        Out Sync Option: AUTO
        Interrupt generated: False
        Interrupt mode: NONE
        Drive mode: HI_Z_ANALOG
        VTrip: EITHER
        Slew: FAST
        Input Sync needed: False
        Output Sync needed: False
        SC shield enabled: False
        POR State: ANY
        LCD Mode: COMMON
        Register Mode: RegComb
        CaSense Mode: NEITHER
        Treat as pin: True
        Is OE Registered: False
        Uses Analog: True
        Can contain Digital: False
        Is SIO: False
        SIO Output Buf: NONREGULATED
        SIO Input Buf: SINGLE_ENDED
        SIO HiFreq: LOW
        SIO Hyst: DISABLED
        SIO Vtrip: MULTIPLIER_0_5
        SIO RefSel: VCC_IO
        Required Capabilitites: ANALOG
        Initial Value: 1
        IO Voltage: 0
    PORT MAP (
        pa_out => ADC_In(0)__PA ,
        annotation => Net_3224 ,
        pad => ADC_In(0)_PAD );
    Properties:
    {
    }

[IoId=7]: 
Pin : Name = Pin_LED(0)
    Attributes:
        In Group/Port: True
        In Sync Option: AUTO
        Out Sync Option: NOSYNC
        Interrupt generated: False
        Interrupt mode: NONE
        Drive mode: CMOS_OUT
        VTrip: EITHER
        Slew: FAST
        Input Sync needed: False
        Output Sync needed: False
        SC shield enabled: False
        POR State: ANY
        LCD Mode: COMMON
        Register Mode: RegComb
        CaSense Mode: NEITHER
        Treat as pin: True
        Is OE Registered: False
        Uses Analog: False
        Can contain Digital: True
        Is SIO: False
        SIO Output Buf: NONREGULATED
        SIO Input Buf: SINGLE_ENDED
        SIO HiFreq: LOW
        SIO Hyst: DISABLED
        SIO Vtrip: MULTIPLIER_0_5
        SIO RefSel: VCC_IO
        Required Capabilitites: DIGITAL, TCPWM_N
        Initial Value: 1
        IO Voltage: 0
    PORT MAP (
        pa_out => Pin_LED(0)__PA ,
        input => Net_15 ,
        pad => Pin_LED(0)_PAD );
    Properties:
    {
    }

Port 4 is empty
Port 5 is empty
Port 6 is empty
Clock group 0: 
    M0S8 Clock Block @ [FFB(Clock,0)]: 
    m0s8clockblockcell: Name =ClockBlock
        PORT MAP (
            dsi_in_0 => ClockBlock_Routed1 ,
            eco => ClockBlock_ECO ,
            wco => ClockBlock_WCO ,
            lfclk => ClockBlock_LFCLK ,
            ilo => ClockBlock_ILO ,
            sysclk => ClockBlock_SYSCLK ,
            ext => ClockBlock_EXTCLK ,
            imo => ClockBlock_IMO ,
            hfclk => ClockBlock_HFCLK ,
            ff_div_1 => \SCB_1:Net_847_ff1\ ,
            udb_div_0 => dclk_to_genclk ,
            ff_div_7 => Net_41_ff7 );
        Properties:
        {
        }
PM group 0: empty
SPC group 0: empty
WDT group 0: empty
FSS group 0: empty
Serial Communication Block group 0: 
    Scb Block @ [FFB(SCB,0)]: 
    m0s8scbcell: Name =\SCB_1:SCB\
        PORT MAP (
            clock => \SCB_1:Net_847_ff1\ ,
            interrupt => Net_3195 ,
            tx => \SCB_1:Net_656\ ,
            rts => \SCB_1:Net_751\ ,
            mosi_m => \SCB_1:Net_660\ ,
            miso_m => \SCB_1:Net_663\ ,
            select_m_3 => \SCB_1:ss_3\ ,
            select_m_2 => \SCB_1:ss_2\ ,
            select_m_1 => \SCB_1:ss_1\ ,
            select_m_0 => \SCB_1:ss_0\ ,
            sclk_m => \SCB_1:Net_687\ ,
            miso_s => \SCB_1:Net_703\ ,
            tx_req => \SCB_1:Net_823\ ,
            rx_req => \SCB_1:Net_824\ );
        Properties:
        {
            cy_registers = ""
            scb_mode = 1
        }
CSD Fixed Block group 0: empty
8-bit CapSense IDAC group 0: empty
7-bit CapSense IDAC group 0: empty
TCPWM Block group 0: 
    Tcpwm Block @ [FFB(TCPWM,0)]: 
    m0s8tcpwmcell: Name =\PWM:cy_m0s8_tcpwm_1\
        PORT MAP (
            clock => Net_41_ff7 ,
            capture => zero ,
            count => one ,
            reload => zero ,
            stop => zero ,
            start => zero ,
            tr_underflow => Net_3204 ,
            tr_overflow => Net_3203 ,
            tr_compare_match => Net_3205 ,
            line_out => Net_3206 ,
            line_out_compl => Net_15 ,
            interrupt => Net_3202 );
        Properties:
        {
            cy_registers = ""
        }
Temperature Sensor group 0: empty
SAR Fixed Block group 0: empty
Segment LCD Block group 0: empty
CLK_GEN group 0: 
    M0S8 Clock Gen Block @ [FFB(CLK_GEN,0)]: 
    m0s8clockgenblockcell: Name =ClockGenBlock
        PORT MAP (
            gen_clk_out_0 => Net_2347_digital ,
            gen_clk_in_0 => dclk_to_genclk );
        Properties:
        {
        }
LPCOMPBLOCK group 0: empty
CTBMBLOCK group 0: empty
ANAPUMP group 0: empty
Bluetooth Low Energy Block group 0: 
    P4 BLE Block @ [FFB(BLE,0)]: 
    p4blecell: Name =\BLE_1:cy_m0s8_ble\
        PORT MAP (
            interrupt => \BLE_1:Net_15\ );
        Properties:
        {
        }
GANGED_PICU group 0: empty
</CYPRESSTAG>
<CYPRESSTAG name="Port Configuration Details">

------------------------------------------------------------
Port Configuration report
------------------------------------------------------------
     |     |       | Interrupt |                  |                   | 
Port | Pin | Fixed |      Type |       Drive Mode |              Name | Connections
-----+-----+-------+-----------+------------------+-------------------+--------------------
   0 |   0 |       |      NONE |      RES_PULL_UP |            SW5(0) | 
     |   1 |       |      NONE |      RES_PULL_UP |            SW4(0) | 
     |   2 |       |      NONE |      RES_PULL_UP |            SW3(0) | 
     |   3 |       |      NONE |      RES_PULL_UP |            SW2(0) | 
     |   4 |       |      NONE |         CMOS_OUT | \SCB_1:mosi_m(0)\ | In(\SCB_1:Net_660\)
     |   5 |       |      NONE |     HI_Z_DIGITAL | \SCB_1:miso_m(0)\ | FB(\SCB_1:Net_663\)
-----+-----+-------+-----------+------------------+-------------------+--------------------
   1 |   0 |       |      NONE |         CMOS_OUT |             WS(0) | In(Net_2350)
     |   1 |       |      NONE |      RES_PULL_UP |            SW1(0) | 
     |   2 |       |      NONE |     HI_Z_DIGITAL |            SDI(0) | FB(Net_2348)
     |   3 |       |      NONE |         CMOS_OUT |            SCK(0) | In(Net_2349)
     |   4 |       |      NONE |    OPEN_DRAIN_LO |          LED_1(0) | 
     |   5 |       |      NONE |    OPEN_DRAIN_LO |          LED_2(0) | 
     |   6 |       |      NONE |         CMOS_OUT |  \SCB_1:ss0_m(0)\ | In(\SCB_1:ss_0\)
     |   7 |       |      NONE |         CMOS_OUT | \SCB_1:sclk_m(0)\ | In(\SCB_1:Net_687\)
-----+-----+-------+-----------+------------------+-------------------+--------------------
   3 |   6 |       |      NONE |      HI_Z_ANALOG |         ADC_In(0) | 
     |   7 |     * |      NONE |         CMOS_OUT |        Pin_LED(0) | In(Net_15)
-------------------------------------------------------------------------------------------
</CYPRESSTAG>
</CYPRESSTAG>
</CYPRESSTAG>
Digital component placer commit/Report: Elapsed time ==> 0s.005ms
Digital Placement phase: Elapsed time ==> 5s.112ms
</CYPRESSTAG>
<CYPRESSTAG name="Digital Routing">
Routing successful.
Digital Routing phase: Elapsed time ==> 1s.148ms
</CYPRESSTAG>
<CYPRESSTAG name="Bitstream and API generation">
Bitstream and API generation phase: Elapsed time ==> 0s.262ms
</CYPRESSTAG>
<CYPRESSTAG name="Bitstream verification">
Bitstream verification phase: Elapsed time ==> 0s.059ms
</CYPRESSTAG>
<CYPRESSTAG name="Static timing analysis">
Timing report is in BLE Lab 2-PRoC_timing.html.
Static timing analysis phase: Elapsed time ==> 0s.613ms
</CYPRESSTAG>
<CYPRESSTAG name="Data reporting">
Data reporting phase: Elapsed time ==> 0s.000ms
</CYPRESSTAG>
<CYPRESSTAG name="Database update...">
Design database save phase: Elapsed time ==> 0s.227ms
</CYPRESSTAG>
cydsfit: Elapsed time ==> 8s.924ms
</CYPRESSTAG>
Fitter phase: Elapsed time ==> 8s.997ms
API generation phase: Elapsed time ==> 20s.763ms
Dependency generation phase: Elapsed time ==> 0s.810ms
Cleanup phase: Elapsed time ==> 0s.003ms
