--------------- Build Started: 09/29/2016 00:31:57 Project: BLE Lab 2-PRoC, Configuration: ARM GCC 4.8.4 Debug ---------------
cydsfit.exe -.appdatapath "C:\Users\Michael\AppData\Local\Cypress Semiconductor\PSoC Creator\3.1" -.fdsnotice -.fdswarpdepfile=warp_dependencies.txt -.fdselabdepfile=elab_dependencies.txt -.fdsbldfile=generated_files.txt -p "C:\Users\Michael\Documents\PSoC Creator\BLE Lab 1\BLE Lab 2-PRoC.cydsn\BLE Lab 2-PRoC.cyprj" -d CYBL10563-56LQXI -s "C:\Users\Michael\Documents\PSoC Creator\BLE Lab 1\BLE Lab 2-PRoC.cydsn\Generated_Source\PSoC4" -- -yv2 -q10 -ygs -o2 -v3 -.fftcfgtype=LE
Elaborating Design...
HDL Generation ...
Synthesis ...
Place and Route ...
Tech mapping ...
ADD: pft.M0040: information: The following 15 pin(s) will be assigned a location by the fitter: \SCB_1:miso_m(0)\, \SCB_1:mosi_m(0)\, \SCB_1:sclk_m(0)\, \SCB_1:ss0_m(0)\, ADC_In(0), LED_1(0), LED_2(0), SCK(0), SDI(0), SW1(0), SW2(0), SW3(0), SW4(0), SW5(0), WS(0)
Analog Placement ...
Analog Routing ...
Analog Code Generation ...
Digital Placement ...
Digital Routing ...
Bitstream Generation ...
Static timing analysis ...
API Generation ...
Dependency Generation ...
Clean Temporary Files ...
arm-none-eabi-gcc.exe -mcpu=cortex-m0 -mthumb -Wno-main -I. -I.\Generated_Source\PSoC4 -Wa,-alh=.\CortexM0\ARM_GCC_484\Debug/main.lst -g -D DEBUG -Wall -ffunction-sections -O0 -c .\main.c -o .\CortexM0\ARM_GCC_484\Debug\main.o
arm-none-eabi-ar.exe -rs ".\CortexM0\ARM_GCC_484\Debug\BLE Lab 2-PRoC.a" .\CortexM0\ARM_GCC_484\Debug\cyfitter_cfg.o .\CortexM0\ARM_GCC_484\Debug\SCB_1.o .\CortexM0\ARM_GCC_484\Debug\SCB_1_SPI_UART.o .\CortexM0\ARM_GCC_484\Debug\SCB_1_PM.o .\CortexM0\ARM_GCC_484\Debug\SCB_1_SPI.o .\CortexM0\ARM_GCC_484\Debug\SCB_1_BOOT.o .\CortexM0\ARM_GCC_484\Debug\SCB_1_SPI_BOOT.o .\CortexM0\ARM_GCC_484\Debug\LED_1.o .\CortexM0\ARM_GCC_484\Debug\Clock_1.o .\CortexM0\ARM_GCC_484\Debug\BLE_1.o .\CortexM0\ARM_GCC_484\Debug\BLE_1_gatt.o .\CortexM0\ARM_GCC_484\Debug\BLE_1_eventHandler.o .\CortexM0\ARM_GCC_484\Debug\BLE_1_HAL_INT.o .\CortexM0\ARM_GCC_484\Debug\BLE_1_HAL_PVT.o .\CortexM0\ARM_GCC_484\Debug\BLE_1_ias.o .\CortexM0\ARM_GCC_484\Debug\ADC_In.o .\CortexM0\ARM_GCC_484\Debug\SW1.o .\CortexM0\ARM_GCC_484\Debug\SW2.o .\CortexM0\ARM_GCC_484\Debug\SW5.o .\CortexM0\ARM_GCC_484\Debug\SW3.o .\CortexM0\ARM_GCC_484\Debug\SW4.o .\CortexM0\ARM_GCC_484\Debug\LED_2.o .\CortexM0\ARM_GCC_484\Debug\I2S_1.o .\CortexM0\ARM_GCC_484\Debug\I2S_1_PM.o .\CortexM0\ARM_GCC_484\Debug\Clock_4.o .\CortexM0\ARM_GCC_484\Debug\SCB_1_SCBCLK.o .\CortexM0\ARM_GCC_484\Debug\SCB_1_sclk_m.o .\CortexM0\ARM_GCC_484\Debug\SCB_1_miso_m.o .\CortexM0\ARM_GCC_484\Debug\SCB_1_mosi_m.o .\CortexM0\ARM_GCC_484\Debug\SCB_1_ss0_m.o .\CortexM0\ARM_GCC_484\Debug\BLE_1_bless_isr.o .\CortexM0\ARM_GCC_484\Debug\CyBootAsmGnu.o .\CortexM0\ARM_GCC_484\Debug\CyFlash.o .\CortexM0\ARM_GCC_484\Debug\CyLib.o .\CortexM0\ARM_GCC_484\Debug\cyPm.o .\CortexM0\ARM_GCC_484\Debug\cyutils.o .\CortexM0\ARM_GCC_484\Debug\PWM.o .\CortexM0\ARM_GCC_484\Debug\PWM_PM.o .\CortexM0\ARM_GCC_484\Debug\Pin_LED.o .\CortexM0\ARM_GCC_484\Debug\Clock.o
arm-none-eabi-ar.exe: creating .\CortexM0\ARM_GCC_484\Debug\BLE Lab 2-PRoC.a
arm-none-eabi-gcc.exe -Wl,--start-group -o ".\CortexM0\ARM_GCC_484\Debug\BLE Lab 2-PRoC.elf" .\CortexM0\ARM_GCC_484\Debug\main.o .\CortexM0\ARM_GCC_484\Debug\cymetadata.o .\CortexM0\ARM_GCC_484\Debug\Cm0Start.o ".\CortexM0\ARM_GCC_484\Debug\BLE Lab 2-PRoC.a" "C:\Program Files (x86)\Cypress\PSoC Creator\3.1\PSoC Creator\psoc\content\cycomponentlibrary\CyComponentLibrary.cylib\BLE_v1_20\Library\gccCyBLEStack_BLE_SOC_PERIPHERAL.a" "C:\Program Files (x86)\Cypress\PSoC Creator\3.1\PSoC Creator\psoc\content\cycomponentlibrary\CyComponentLibrary.cylib\CortexM0\ARM_GCC_484\Debug\CyComponentLibrary.a" -mthumb -march=armv6-m "-Wl,-Map,.\CortexM0\ARM_GCC_484\Debug/BLE Lab 2-PRoC.map" -T .\Generated_Source\PSoC4\cm0gcc.ld -g -specs=nano.specs "-u _printf_float" "" -Wl,--gc-sections -Wl,--end-group
cyelftool.exe -C "C:\Users\Michael\Documents\PSoC Creator\BLE Lab 1\BLE Lab 2-PRoC.cydsn\CortexM0\ARM_GCC_484\Debug\BLE Lab 2-PRoC.elf" --flash_size 131072 --flash_row_size 128
cyelftool.exe -S "C:\Users\Michael\Documents\PSoC Creator\BLE Lab 1\BLE Lab 2-PRoC.cydsn\CortexM0\ARM_GCC_484\Debug\BLE Lab 2-PRoC.elf"
Flash used: 70545 of 131072 bytes (53.8 %).
SRAM used: 11564 of 16384 bytes (70.6 %). Stack: 2048 bytes. Heap: 128 bytes.
--------------- Build Succeeded: 09/29/2016 00:32:59 ---------------
